Target sequences:                        20000  (1273836 residues searched)
@@ New targets included:   0
Target sequences:                        20000  (1344933 residues searched)
@@ New targets included:   0
Target sequences:                        20000  (1060962 residues searched)
@@ New targets included:   0
Target sequences:                        20000  (1071497 residues searched)
@@ New targets included:   30
Target sequences:                        20000  (1058230 residues searched)
@@ New targets included:   61
Target sequences:                        20000  (1451694 residues searched)
@@ New targets included:   0
Target sequences:                        20000  (1017931 residues searched)
@@ New targets included:   49
Target sequences:                        20000  (1092462 residues searched)
@@ New targets included:   0
Target sequences:                        20000  (1056241 residues searched)
@@ New targets included:   0
Target sequences:                        20000  (1002826 residues searched)
@@ New targets included:   0
Target sequences:                        20000  (1734680 residues searched)
@@ New targets included:   0
Target sequences:                        20000  (1310092 residues searched)
@@ New targets included:   0
Target sequences:                        20000  (1614624 residues searched)
@@ New targets included:   0
Target sequences:                        20000  (1345871 residues searched)
@@ New targets included:   0
Target sequences:                        20000  (1195649 residues searched)
@@ New targets included:   2
Target sequences:                        20000  (1078247 residues searched)
@@ New targets included:   224
Target sequences:                        20000  (1588017 residues searched)
@@ New targets included:   0
Target sequences:                        20000  (876798 residues searched)
@@ New targets included:   0
Target sequences:                        20000  (1224619 residues searched)
@@ New targets included:   2
Target sequences:                        20000  (1022521 residues searched)
@@ New targets included:   5
Target sequences:                        20000  (1224196 residues searched)
@@ New targets included:   0
Target sequences:                        20000  (1015736 residues searched)
@@ New targets included:   2
Target sequences:                        20000  (1143834 residues searched)
@@ New targets included:   0
Target sequences:                        20000  (1580765 residues searched)
@@ New targets included:   0
Target sequences:                        20000  (1317335 residues searched)
@@ New targets included:   1
Target sequences:                        20000  (936515 residues searched)
@@ New targets included:   0
Target sequences:                        20000  (1567545 residues searched)
@@ New targets included:   0
Target sequences:                        20000  (1461313 residues searched)
@@ New targets included:   0
Target sequences:                        20000  (1761906 residues searched)
@@ New targets included:   0
Target sequences:                        20000  (1359791 residues searched)
@@ New targets included:   0
Target sequences:                        20000  (1180761 residues searched)
@@ New targets included:   1101
Target sequences:                        20000  (1151831 residues searched)
@@ New targets included:   1
Target sequences:                        20000  (1275611 residues searched)
@@ New targets included:   0
Target sequences:                        20000  (1028268 residues searched)
@@ New targets included:   0
Target sequences:                        20000  (1295590 residues searched)
@@ New targets included:   29
Target sequences:                        20000  (972942 residues searched)
@@ New targets included:   0
Target sequences:                        20000  (1102913 residues searched)
@@ New targets included:   0
Target sequences:                        20000  (1611883 residues searched)
@@ New targets included:   0
Target sequences:                        20000  (1655588 residues searched)
@@ New targets included:   0
Target sequences:                        20000  (1191285 residues searched)
@@ New targets included:   10
Target sequences:                        20000  (905905 residues searched)
@@ New targets included:   0
Target sequences:                        20000  (1280394 residues searched)
@@ New targets included:   10
Target sequences:                        20000  (1396048 residues searched)
@@ New targets included:   0
Target sequences:                        20000  (1323699 residues searched)
@@ New targets included:   1
Target sequences:                        20000  (1205325 residues searched)
@@ New targets included:   0
Target sequences:                        20000  (1297829 residues searched)
@@ New targets included:   1
Target sequences:                        20000  (1053501 residues searched)
@@ New targets included:   0
Target sequences:                        20000  (1124367 residues searched)
@@ New targets included:   214
Target sequences:                        20000  (1266284 residues searched)
@@ New targets included:   1
Target sequences:                        20000  (1027281 residues searched)
@@ New targets included:   0
Target sequences:                        20000  (1025178 residues searched)
@@ New targets included:   0
Target sequences:                        20000  (1356127 residues searched)
@@ New targets included:   0
Target sequences:                        20000  (1348814 residues searched)
@@ New targets included:   0
Target sequences:                        20000  (1273548 residues searched)
@@ New targets included:   4
Target sequences:                        20000  (1995911 residues searched)
@@ New targets included:   0
Target sequences:                        20000  (1254925 residues searched)
@@ New targets included:   4
Target sequences:                        20000  (1325547 residues searched)
@@ New targets included:   13
Target sequences:                        20000  (1670364 residues searched)
@@ New targets included:   0
Target sequences:                        20000  (1189620 residues searched)
@@ New targets included:   3
Target sequences:                        20000  (1181939 residues searched)
@@ New targets included:   15
Target sequences:                        20000  (1146797 residues searched)
@@ New targets included:   6
Target sequences:                        20000  (1487279 residues searched)
@@ New targets included:   0
Target sequences:                        20000  (1425744 residues searched)
@@ New targets included:   0
Target sequences:                        20000  (1133356 residues searched)
@@ New targets included:   1
Target sequences:                        20000  (995892 residues searched)
@@ New targets included:   3
Target sequences:                        20000  (1447461 residues searched)
@@ New targets included:   5
Target sequences:                        20000  (1839051 residues searched)
@@ New targets included:   0
Target sequences:                        20000  (1437923 residues searched)
@@ New targets included:   0
Target sequences:                        20000  (1266227 residues searched)
@@ New targets included:   15
Target sequences:                        20000  (1806535 residues searched)
@@ New targets included:   0
Target sequences:                        20000  (1411533 residues searched)
@@ New targets included:   12
Target sequences:                        20000  (1007351 residues searched)
@@ New targets included:   0
Target sequences:                        20000  (1278478 residues searched)
@@ New targets included:   0
Target sequences:                        20000  (1118670 residues searched)
@@ New targets included:   1
Target sequences:                        20000  (1508677 residues searched)
@@ New targets included:   0
Target sequences:                        20000  (1065883 residues searched)
@@ New targets included:   1
Target sequences:                        20000  (1320626 residues searched)
@@ New targets included:   0
Target sequences:                        20000  (1259342 residues searched)
@@ New targets included:   0
Target sequences:                        20000  (1156093 residues searched)
@@ New targets included:   0
Target sequences:                        20000  (1117491 residues searched)
@@ New targets included:   37
Target sequences:                        20000  (1230739 residues searched)
@@ New targets included:   1
Target sequences:                        20000  (1792858 residues searched)
@@ New targets included:   0
Target sequences:                        20000  (1000533 residues searched)
@@ New targets included:   5
Target sequences:                        20000  (1217212 residues searched)
@@ New targets included:   0
Target sequences:                        20000  (1556194 residues searched)
@@ New targets included:   0
Target sequences:                        20000  (1188180 residues searched)
@@ New targets included:   0
Target sequences:                        20000  (1180350 residues searched)
@@ New targets included:   3
Target sequences:                        20000  (1127036 residues searched)
@@ New targets included:   1
Target sequences:                        20000  (1252055 residues searched)
@@ New targets included:   7
Target sequences:                        20000  (1281056 residues searched)
@@ New targets included:   0
Target sequences:                        20000  (1180867 residues searched)
@@ New targets included:   0
Target sequences:                        20000  (1124996 residues searched)
@@ New targets included:   0
Target sequences:                        20000  (975191 residues searched)
@@ New targets included:   0
Target sequences:                        20000  (1319990 residues searched)
@@ New targets included:   0
Target sequences:                        20000  (896166 residues searched)
@@ New targets included:   9
Target sequences:                        20000  (1371643 residues searched)
@@ New targets included:   0
Target sequences:                        20000  (982912 residues searched)
@@ New targets included:   10
Target sequences:                        20000  (1230256 residues searched)
@@ New targets included:   5
Target sequences:                        20000  (988052 residues searched)
@@ New targets included:   0
Target sequences:                        20000  (971627 residues searched)
@@ New targets included:   15
1a04A01
1a0iA03
1a79A02
1a9xA03
1aipE03
1aorA03
1aq5A00
1bhaA00
1bl0A02
1bx7A00
1c3cA02
1c4kA01
1ciyA02
1cqxA03
1cwvA05
1cyoA00
1d2mA01
1d4vA02
1dceA02
1dp7P00
1e1hB01
1e3mB03
1ea9C04
1eb6A00
1ehxA00
1eqgA01
1f0lA01
1f0lA03
1f5nA01
1f7cA00
1fi5A00
1fp2A01
1fviA03
1g2hA00
1g4iA00
1g6uA00
1gjwA02
1gklA00
1gkpB02
1gkuB08
1gmnB01
1gsoA03
1gudA01
1gxeA00
1gyoA00
1h1lD03
1h1oA01
1h4aX01
1h6gA01
1h6wA01
1h6wA02
1h97A00
1heiA03
1hf2C02
1hg8A00
1hxmA01
1hzhH01
1i1wA00
1i7dA04
1i8dC02
1igdA00
1io1A02
1jfuA00
1jq4A00
1k04A01
1k3iA01
1k3iA02
1k3rA01
1k8kA03
1k8kC00
1kaeA01
1kaeA03
1kfiA04
1kfwA02
1kobA02
1koyA00
1krhA03
1l4sA01
1l8rB00
1lbuA01
1lc5A01
1lf6A01
1llmD02
1lvbA01
1lwjA01
1m4jA00
1m9sA04
1mnmC00
1mqsA03
1mw9X03
1mxgA02
1mzpA02
1n1iC02
1n3kA00
1n7dA02
1nb0A00
1ncsA00
1neuA00
1nh2B00
1nh2C00
