Target sequences:                         2048  (232300 residues searched)
@@ New targets included:   1937
Target sequences:                         2048  (190060 residues searched)
@@ New targets included:   0
Target sequences:                         2048  (109701 residues searched)
@@ New targets included:   11
Target sequences:                         2048  (116290 residues searched)
@@ New targets included:   572
Target sequences:                         2048  (99156 residues searched)
@@ New targets included:   856
Target sequences:                         2048  (297011 residues searched)
@@ New targets included:   499
Target sequences:                         2048  (77653 residues searched)
@@ New targets included:   303
Target sequences:                         2048  (111023 residues searched)
@@ New targets included:   241
Target sequences:                         2048  (94177 residues searched)
@@ New targets included:   158
Target sequences:                         2048  (75231 residues searched)
@@ New targets included:   1
Target sequences:                         2048  (329338 residues searched)
@@ New targets included:   216
Target sequences:                         2048  (162005 residues searched)
@@ New targets included:   8
Target sequences:                         2048  (266866 residues searched)
@@ New targets included:   4
Target sequences:                         2048  (257236 residues searched)
@@ New targets included:   1173
Target sequences:                         2048  (132445 residues searched)
@@ New targets included:   10
Target sequences:                         2048  (133850 residues searched)
@@ New targets included:   742
Target sequences:                         2048  (438565 residues searched)
@@ New targets included:   1843
Target sequences:                         2048  (52240 residues searched)
@@ New targets included:   1
Target sequences:                         2048  (153352 residues searched)
@@ New targets included:   7
Target sequences:                         2048  (99949 residues searched)
@@ New targets included:   3
Target sequences:                         2048  (159192 residues searched)
@@ New targets included:   2
Target sequences:                         2048  (89286 residues searched)
@@ New targets included:   22
Target sequences:                         2048  (140381 residues searched)
@@ New targets included:   34
Target sequences:                         2048  (236347 residues searched)
@@ New targets included:   174
Target sequences:                         2048  (148739 residues searched)
@@ New targets included:   29
Target sequences:                         2048  (63876 residues searched)
@@ New targets included:   13
Target sequences:                         2048  (244888 residues searched)
@@ New targets included:   1
Target sequences:                         2048  (190319 residues searched)
@@ New targets included:   0
Target sequences:                         2048  (361221 residues searched)
@@ New targets included:   406
Target sequences:                         2048  (325305 residues searched)
@@ New targets included:   1885
Target sequences:                         2048  (134905 residues searched)
@@ New targets included:   1697
Target sequences:                         2048  (159310 residues searched)
@@ New targets included:   8
Target sequences:                         2048  (174656 residues searched)
@@ New targets included:   3
Target sequences:                         2048  (92941 residues searched)
@@ New targets included:   126
Target sequences:                         2048  (148819 residues searched)
@@ New targets included:   121
Target sequences:                         2048  (103232 residues searched)
@@ New targets included:   1
Target sequences:                         2048  (98885 residues searched)
@@ New targets included:   1
Target sequences:                         2048  (452689 residues searched)
@@ New targets included:   229
Target sequences:                         2048  (466218 residues searched)
@@ New targets included:   83
Target sequences:                         2048  (172407 residues searched)
@@ New targets included:   11
Target sequences:                         2048  (66537 residues searched)
@@ New targets included:   1
Target sequences:                         2048  (265167 residues searched)
@@ New targets included:   2017
Target sequences:                         2048  (225306 residues searched)
@@ New targets included:   491
Target sequences:                         2048  (174500 residues searched)
@@ New targets included:   238
Target sequences:                         2048  (163473 residues searched)
@@ New targets included:   32
Target sequences:                         2048  (196196 residues searched)
@@ New targets included:   102
Target sequences:                         2048  (136354 residues searched)
@@ New targets included:   715
Target sequences:                         2048  (120034 residues searched)
@@ New targets included:   458
Target sequences:                         2048  (136688 residues searched)
@@ New targets included:   83
Target sequences:                         2048  (69694 residues searched)
@@ New targets included:   7
Target sequences:                         2048  (95611 residues searched)
@@ New targets included:   19
Target sequences:                         2048  (202560 residues searched)
@@ New targets included:   11
Target sequences:                         2048  (236868 residues searched)
@@ New targets included:   968
Target sequences:                         2048  (185002 residues searched)
@@ New targets included:   602
Target sequences:                         2048  (654926 residues searched)
@@ New targets included:   1796
Target sequences:                         2048  (165000 residues searched)
@@ New targets included:   25
Target sequences:                         2048  (157554 residues searched)
@@ New targets included:   848
Target sequences:                         2048  (560533 residues searched)
@@ New targets included:   805
Target sequences:                         2048  (216307 residues searched)
@@ New targets included:   1247
Target sequences:                         2048  (125716 residues searched)
@@ New targets included:   251
Target sequences:                         2048  (111331 residues searched)
@@ New targets included:   68
Target sequences:                         2048  (198098 residues searched)
@@ New targets included:   117
Target sequences:                         2048  (273352 residues searched)
@@ New targets included:   1902
Target sequences:                         2048  (139042 residues searched)
@@ New targets included:   659
Target sequences:                         2048  (68933 residues searched)
@@ New targets included:   27
Target sequences:                         2048  (252449 residues searched)
@@ New targets included:   38
Target sequences:                         2048  (592574 residues searched)
@@ New targets included:   611
Target sequences:                         2048  (295535 residues searched)
@@ New targets included:   11
Target sequences:                         2048  (148795 residues searched)
@@ New targets included:   1951
Target sequences:                         2048  (455507 residues searched)
@@ New targets included:   265
Target sequences:                         2048  (277786 residues searched)
@@ New targets included:   1288
Target sequences:                         2048  (99730 residues searched)
@@ New targets included:   46
Target sequences:                         2048  (177455 residues searched)
@@ New targets included:   5
Target sequences:                         2048  (112914 residues searched)
@@ New targets included:   58
Target sequences:                         2048  (345802 residues searched)
@@ New targets included:   1653
Target sequences:                         2048  (106666 residues searched)
@@ New targets included:   8
Target sequences:                         2048  (249847 residues searched)
@@ New targets included:   1301
Target sequences:                         2048  (156556 residues searched)
@@ New targets included:   149
Target sequences:                         2048  (134898 residues searched)
@@ New targets included:   4
Target sequences:                         2048  (128556 residues searched)
@@ New targets included:   972
Target sequences:                         2048  (169797 residues searched)
@@ New targets included:   27
Target sequences:                         2048  (380127 residues searched)
@@ New targets included:   31
Target sequences:                         2048  (59327 residues searched)
@@ New targets included:   167
Target sequences:                         2048  (161369 residues searched)
@@ New targets included:   3
Target sequences:                         2048  (655412 residues searched)
@@ New targets included:   1241
Target sequences:                         2048  (194212 residues searched)
@@ New targets included:   38
Target sequences:                         2048  (148577 residues searched)
@@ New targets included:   368
Target sequences:                         2048  (110152 residues searched)
@@ New targets included:   415
Target sequences:                         2048  (170806 residues searched)
@@ New targets included:   72
Target sequences:                         2048  (200630 residues searched)
@@ New targets included:   8
Target sequences:                         2048  (151833 residues searched)
@@ New targets included:   158
Target sequences:                         2048  (159578 residues searched)
@@ New targets included:   182
Target sequences:                         2048  (62682 residues searched)
@@ New targets included:   93
Target sequences:                         2048  (176814 residues searched)
@@ New targets included:   99
Target sequences:                         2048  (44093 residues searched)
@@ New targets included:   601
Target sequences:                         2048  (188858 residues searched)
@@ New targets included:   90
Target sequences:                         2048  (63465 residues searched)
@@ New targets included:   103
Target sequences:                         2048  (176439 residues searched)
@@ New targets included:   5
Target sequences:                         2048  (100692 residues searched)
@@ New targets included:   157
Target sequences:                         2048  (93469 residues searched)
@@ New targets included:   42
1a04A01
1a0iA03
1a79A02
1a9xA03
1aipE03
1aorA03
1aq5A00
1bhaA00
1bl0A02
1bx7A00
1c3cA02
1c4kA01
1ciyA02
1cqxA03
1cwvA05
1cyoA00
1d2mA01
1d4vA02
1dceA02
1dp7P00
1e1hB01
1e3mB03
1ea9C04
1eb6A00
1ehxA00
1eqgA01
1f0lA01
1f0lA03
1f5nA01
1f7cA00
1fi5A00
1fp2A01
1fviA03
1g2hA00
1g4iA00
1g6uA00
1gjwA02
1gklA00
1gkpB02
1gkuB08
1gmnB01
1gsoA03
1gudA01
1gxeA00
1gyoA00
1h1lD03
1h1oA01
1h4aX01
1h6gA01
1h6wA01
1h6wA02
1h97A00
1heiA03
1hf2C02
1hg8A00
1hxmA01
1hzhH01
1i1wA00
1i7dA04
1i8dC02
1igdA00
1io1A02
1jfuA00
1jq4A00
1k04A01
1k3iA01
1k3iA02
1k3rA01
1k8kA03
1k8kC00
1kaeA01
1kaeA03
1kfiA04
1kfwA02
1kobA02
1koyA00
1krhA03
1l4sA01
1l8rB00
1lbuA01
1lc5A01
1lf6A01
1llmD02
1lvbA01
1lwjA01
1m4jA00
1m9sA04
1mnmC00
1mqsA03
1mw9X03
1mxgA02
1mzpA02
1n1iC02
1n3kA00
1n7dA02
1nb0A00
1ncsA00
1neuA00
1nh2B00
1nh2C00
