Target sequences:                        20000  (2129369 residues searched)
@@ New targets included:   17391
Target sequences:                        20000  (2441387 residues searched)
@@ New targets included:   69
Target sequences:                        20000  (1145476 residues searched)
@@ New targets included:   259
Target sequences:                        20000  (1246286 residues searched)
@@ New targets included:   6571
Target sequences:                        20000  (1034233 residues searched)
@@ New targets included:   8663
Target sequences:                        20000  (3333756 residues searched)
@@ New targets included:   5035
Target sequences:                        20000  (923059 residues searched)
@@ New targets included:   422
Target sequences:                        20000  (1115941 residues searched)
@@ New targets included:   171
Target sequences:                        20000  (874996 residues searched)
@@ New targets included:   359
Target sequences:                        20000  (785648 residues searched)
@@ New targets included:   83
Target sequences:                        20000  (5094096 residues searched)
@@ New targets included:   13594
Target sequences:                        20000  (1762888 residues searched)
@@ New targets included:   217
Target sequences:                        20000  (3474311 residues searched)
@@ New targets included:   115
Target sequences:                        20000  (2510219 residues searched)
@@ New targets included:   7300
Target sequences:                        20000  (1521915 residues searched)
@@ New targets included:   289
Target sequences:                        20000  (1472789 residues searched)
@@ New targets included:   13693
Target sequences:                        20000  (3690006 residues searched)
@@ New targets included:   8298
Target sequences:                        20000  (547931 residues searched)
@@ New targets included:   325
Target sequences:                        20000  (1570034 residues searched)
@@ New targets included:   129
Target sequences:                        20000  (1271145 residues searched)
@@ New targets included:   2680
Target sequences:                        20000  (1909020 residues searched)
@@ New targets included:   17
Target sequences:                        20000  (984805 residues searched)
@@ New targets included:   12031
Target sequences:                        20000  (1519127 residues searched)
@@ New targets included:   398
Target sequences:                        20000  (2812635 residues searched)
@@ New targets included:   760
Target sequences:                        20000  (1560757 residues searched)
@@ New targets included:   319
Target sequences:                        20000  (665996 residues searched)
@@ New targets included:   1281
Target sequences:                        20000  (2923738 residues searched)
@@ New targets included:   10
Target sequences:                        20000  (2492003 residues searched)
@@ New targets included:   3
Target sequences:                        20000  (3570764 residues searched)
@@ New targets included:   1270
Target sequences:                        20000  (3535079 residues searched)
@@ New targets included:   18345
Target sequences:                        20000  (1277874 residues searched)
@@ New targets included:   14809
Target sequences:                        20000  (1551753 residues searched)
@@ New targets included:   2061
Target sequences:                        20000  (1818153 residues searched)
@@ New targets included:   13
Target sequences:                        20000  (1000688 residues searched)
@@ New targets included:   1012
Target sequences:                        20000  (1679831 residues searched)
@@ New targets included:   3259
Target sequences:                        20000  (853883 residues searched)
@@ New targets included:   3
Target sequences:                        20000  (1159312 residues searched)
@@ New targets included:   4
Target sequences:                        20000  (4503515 residues searched)
@@ New targets included:   634
Target sequences:                        20000  (6023271 residues searched)
@@ New targets included:   14337
Target sequences:                        20000  (2456980 residues searched)
@@ New targets included:   17160
Target sequences:                        20000  (605792 residues searched)
@@ New targets included:   1
Target sequences:                        20000  (2591056 residues searched)
@@ New targets included:   16889
Target sequences:                        20000  (2205797 residues searched)
@@ New targets included:   1378
Target sequences:                        20000  (1873153 residues searched)
@@ New targets included:   594
Target sequences:                        20000  (1720665 residues searched)
@@ New targets included:   249
Target sequences:                        20000  (2224539 residues searched)
@@ New targets included:   1402
Target sequences:                        20000  (1380365 residues searched)
@@ New targets included:   4920
Target sequences:                        20000  (1570807 residues searched)
@@ New targets included:   16594
Target sequences:                        20000  (2161506 residues searched)
@@ New targets included:   1077
Target sequences:                        20000  (791701 residues searched)
@@ New targets included:   14
Target sequences:                        20000  (838597 residues searched)
@@ New targets included:   3
Target sequences:                        20000  (2531551 residues searched)
@@ New targets included:   127
Target sequences:                        20000  (2656971 residues searched)
@@ New targets included:   1356
Target sequences:                        20000  (1861992 residues searched)
@@ New targets included:   6112
Target sequences:                        20000  (6514641 residues searched)
@@ New targets included:   9039
Target sequences:                        20000  (1797800 residues searched)
@@ New targets included:   1830
Target sequences:                        20000  (1748108 residues searched)
@@ New targets included:   8650
Target sequences:                        20000  (5221158 residues searched)
@@ New targets included:   8512
Target sequences:                        20000  (2481041 residues searched)
@@ New targets included:   11878
Target sequences:                        20000  (1432081 residues searched)
@@ New targets included:   11661
Target sequences:                        20000  (1045977 residues searched)
@@ New targets included:   117
Target sequences:                        20000  (1889802 residues searched)
@@ New targets included:   117
Target sequences:                        20000  (2679646 residues searched)
@@ New targets included:   10818
Target sequences:                        20000  (1662942 residues searched)
@@ New targets included:   6814
Target sequences:                        20000  (709004 residues searched)
@@ New targets included:   1040
Target sequences:                        20000  (2440741 residues searched)
@@ New targets included:   2871
Target sequences:                        20000  (5745572 residues searched)
@@ New targets included:   3206
Target sequences:                        20000  (3383062 residues searched)
@@ New targets included:   36
Target sequences:                        20000  (1829662 residues searched)
@@ New targets included:   12866
Target sequences:                        20000  (4940631 residues searched)
@@ New targets included:   3525
Target sequences:                        20000  (2914261 residues searched)
@@ New targets included:   15265
Target sequences:                        20000  (885095 residues searched)
@@ New targets included:   2819
Target sequences:                        20000  (2079344 residues searched)
@@ New targets included:   3774
Target sequences:                        20000  (1216472 residues searched)
@@ New targets included:   1304
Target sequences:                        20000  (3575222 residues searched)
@@ New targets included:   14318
Target sequences:                        20000  (1069017 residues searched)
@@ New targets included:   180
Target sequences:                        20000  (2487783 residues searched)
@@ New targets included:   7822
Target sequences:                        20000  (1709743 residues searched)
@@ New targets included:   6364
Target sequences:                        20000  (1587905 residues searched)
@@ New targets included:   1846
Target sequences:                        20000  (1244067 residues searched)
@@ New targets included:   7185
Target sequences:                        20000  (2173189 residues searched)
@@ New targets included:   2987
Target sequences:                        20000  (4502257 residues searched)
@@ New targets included:   749
Target sequences:                        20000  (628931 residues searched)
@@ New targets included:   64
Target sequences:                        20000  (2118151 residues searched)
@@ New targets included:   332
Target sequences:                        20000  (6518024 residues searched)
@@ New targets included:   14745
Target sequences:                        20000  (2100923 residues searched)
@@ New targets included:   2828
Target sequences:                        20000  (1249940 residues searched)
@@ New targets included:   1083
Target sequences:                        20000  (1148808 residues searched)
@@ New targets included:   2523
Target sequences:                        20000  (2178189 residues searched)
@@ New targets included:   985
Target sequences:                        20000  (2279039 residues searched)
@@ New targets included:   2393
Target sequences:                        20000  (1571824 residues searched)
@@ New targets included:   202
Target sequences:                        20000  (1428289 residues searched)
@@ New targets included:   1467
Target sequences:                        20000  (649464 residues searched)
@@ New targets included:   161
Target sequences:                        20000  (2039363 residues searched)
@@ New targets included:   492
Target sequences:                        20000  (474586 residues searched)
@@ New targets included:   3035
Target sequences:                        20000  (2361822 residues searched)
@@ New targets included:   12951
Target sequences:                        20000  (647657 residues searched)
@@ New targets included:   161
Target sequences:                        20000  (1793693 residues searched)
@@ New targets included:   1595
Target sequences:                        20000  (853394 residues searched)
@@ New targets included:   1303
Target sequences:                        20000  (635796 residues searched)
@@ New targets included:   1501
1a04A01
1a0iA03
1a79A02
1a9xA03
1aipE03
1aorA03
1aq5A00
1bhaA00
1bl0A02
1bx7A00
1c3cA02
1c4kA01
1ciyA02
1cqxA03
1cwvA05
1cyoA00
1d2mA01
1d4vA02
1dceA02
1dp7P00
1e1hB01
1e3mB03
1ea9C04
1eb6A00
1ehxA00
1eqgA01
1f0lA01
1f0lA03
1f5nA01
1f7cA00
1fi5A00
1fp2A01
1fviA03
1g2hA00
1g4iA00
1g6uA00
1gjwA02
1gklA00
1gkpB02
1gkuB08
1gmnB01
1gsoA03
1gudA01
1gxeA00
1gyoA00
1h1lD03
1h1oA01
1h4aX01
1h6gA01
1h6wA01
1h6wA02
1h97A00
1heiA03
1hf2C02
1hg8A00
1hxmA01
1hzhH01
1i1wA00
1i7dA04
1i8dC02
1igdA00
1io1A02
1jfuA00
1jq4A00
1k04A01
1k3iA01
1k3iA02
1k3rA01
1k8kA03
1k8kC00
1kaeA01
1kaeA03
1kfiA04
1kfwA02
1kobA02
1koyA00
1krhA03
1l4sA01
1l8rB00
1lbuA01
1lc5A01
1lf6A01
1llmD02
1lvbA01
1lwjA01
1m4jA00
1m9sA04
1mnmC00
1mqsA03
1mw9X03
1mxgA02
1mzpA02
1n1iC02
1n3kA00
1n7dA02
1nb0A00
1ncsA00
1neuA00
1nh2B00
1nh2C00
