Target sequences:                         2048  (206307 residues searched)
@@ New targets included:   1951
Target sequences:                         2048  (249319 residues searched)
@@ New targets included:   53
Target sequences:                         2048  (117448 residues searched)
@@ New targets included:   174
Target sequences:                         2048  (127307 residues searched)
@@ New targets included:   1511
Target sequences:                         2048  (111670 residues searched)
@@ New targets included:   2048
Target sequences:                         2048  (370609 residues searched)
@@ New targets included:   1663
Target sequences:                         2048  (85303 residues searched)
@@ New targets included:   483
Target sequences:                         2048  (102684 residues searched)
@@ New targets included:   250
Target sequences:                         2048  (93169 residues searched)
@@ New targets included:   268
Target sequences:                         2048  (78241 residues searched)
@@ New targets included:   89
Target sequences:                         2048  (526312 residues searched)
@@ New targets included:   1966
Target sequences:                         2048  (181385 residues searched)
@@ New targets included:   148
Target sequences:                         2048  (366354 residues searched)
@@ New targets included:   92
Target sequences:                         2048  (254465 residues searched)
@@ New targets included:   1105
Target sequences:                         2048  (160684 residues searched)
@@ New targets included:   291
Target sequences:                         2048  (160014 residues searched)
@@ New targets included:   2048
Target sequences:                         2048  (448786 residues searched)
@@ New targets included:   2004
Target sequences:                         2048  (51051 residues searched)
@@ New targets included:   278
Target sequences:                         2048  (150862 residues searched)
@@ New targets included:   114
Target sequences:                         2048  (149063 residues searched)
@@ New targets included:   2014
Target sequences:                         2048  (201006 residues searched)
@@ New targets included:   11
Target sequences:                         2048  (105947 residues searched)
@@ New targets included:   2010
Target sequences:                         2048  (158219 residues searched)
@@ New targets included:   335
Target sequences:                         2048  (334072 residues searched)
@@ New targets included:   738
Target sequences:                         2048  (151414 residues searched)
@@ New targets included:   98
Target sequences:                         2048  (70348 residues searched)
@@ New targets included:   642
Target sequences:                         2048  (305955 residues searched)
@@ New targets included:   7
Target sequences:                         2048  (271956 residues searched)
@@ New targets included:   2
Target sequences:                         2048  (538663 residues searched)
@@ New targets included:   1212
Target sequences:                         2048  (359932 residues searched)
@@ New targets included:   1936
Target sequences:                         2048  (127928 residues searched)
@@ New targets included:   1670
Target sequences:                         2048  (192478 residues searched)
@@ New targets included:   1274
Target sequences:                         2048  (206246 residues searched)
@@ New targets included:   4
Target sequences:                         2048  (104106 residues searched)
@@ New targets included:   731
Target sequences:                         2048  (234637 residues searched)
@@ New targets included:   2036
Target sequences:                         2048  (83087 residues searched)
@@ New targets included:   7
Target sequences:                         2048  (117955 residues searched)
@@ New targets included:   5
Target sequences:                         2048  (458560 residues searched)
@@ New targets included:   111
Target sequences:                         2048  (622849 residues searched)
@@ New targets included:   1640
Target sequences:                         2048  (252343 residues searched)
@@ New targets included:   1968
Target sequences:                         2048  (56803 residues searched)
@@ New targets included:   1
Target sequences:                         2048  (277523 residues searched)
@@ New targets included:   2048
Target sequences:                         2048  (224044 residues searched)
@@ New targets included:   246
Target sequences:                         2048  (197641 residues searched)
@@ New targets included:   85
Target sequences:                         2048  (198178 residues searched)
@@ New targets included:   180
Target sequences:                         2048  (230569 residues searched)
@@ New targets included:   1021
Target sequences:                         2048  (136386 residues searched)
@@ New targets included:   1554
Target sequences:                         2048  (162300 residues searched)
@@ New targets included:   2048
Target sequences:                         2048  (229155 residues searched)
@@ New targets included:   916
Target sequences:                         2048  (76940 residues searched)
@@ New targets included:   17
Target sequences:                         2048  (86100 residues searched)
@@ New targets included:   19
Target sequences:                         2048  (260376 residues searched)
@@ New targets included:   47
Target sequences:                         2048  (280866 residues searched)
@@ New targets included:   1333
Target sequences:                         2048  (222413 residues searched)
@@ New targets included:   2048
Target sequences:                         2048  (657832 residues searched)
@@ New targets included:   1825
Target sequences:                         2048  (179653 residues searched)
@@ New targets included:   332
Target sequences:                         2048  (206480 residues searched)
@@ New targets included:   1857
Target sequences:                         2048  (586233 residues searched)
@@ New targets included:   1972
Target sequences:                         2048  (257947 residues searched)
@@ New targets included:   1780
Target sequences:                         2048  (158478 residues searched)
@@ New targets included:   2047
Target sequences:                         2048  (103865 residues searched)
@@ New targets included:   126
Target sequences:                         2048  (215550 residues searched)
@@ New targets included:   122
Target sequences:                         2048  (280631 residues searched)
@@ New targets included:   1938
Target sequences:                         2048  (176916 residues searched)
@@ New targets included:   683
Target sequences:                         2048  (74390 residues searched)
@@ New targets included:   1053
Target sequences:                         2048  (257703 residues searched)
@@ New targets included:   595
Target sequences:                         2048  (708898 residues searched)
@@ New targets included:   1017
Target sequences:                         2048  (349657 residues searched)
@@ New targets included:   12
Target sequences:                         2048  (212907 residues searched)
@@ New targets included:   1831
Target sequences:                         2048  (541767 residues searched)
@@ New targets included:   626
Target sequences:                         2048  (306069 residues searched)
@@ New targets included:   2047
Target sequences:                         2048  (84130 residues searched)
@@ New targets included:   1335
Target sequences:                         2048  (270592 residues searched)
@@ New targets included:   2047
Target sequences:                         2048  (135436 residues searched)
@@ New targets included:   1162
Target sequences:                         2048  (378819 residues searched)
@@ New targets included:   1594
Target sequences:                         2048  (111010 residues searched)
@@ New targets included:   146
Target sequences:                         2048  (245569 residues searched)
@@ New targets included:   1167
Target sequences:                         2048  (183523 residues searched)
@@ New targets included:   1477
Target sequences:                         2048  (180368 residues searched)
@@ New targets included:   1570
Target sequences:                         2048  (132000 residues searched)
@@ New targets included:   1856
Target sequences:                         2048  (218863 residues searched)
@@ New targets included:   733
Target sequences:                         2048  (453113 residues searched)
@@ New targets included:   235
Target sequences:                         2048  (66791 residues searched)
@@ New targets included:   24
Target sequences:                         2048  (193589 residues searched)
@@ New targets included:   307
Target sequences:                         2048  (661373 residues searched)
@@ New targets included:   1812
Target sequences:                         2048  (246206 residues searched)
@@ New targets included:   1390
Target sequences:                         2048  (149717 residues searched)
@@ New targets included:   845
Target sequences:                         2048  (122484 residues searched)
@@ New targets included:   1522
Target sequences:                         2048  (251759 residues searched)
@@ New targets included:   862
Target sequences:                         2048  (240266 residues searched)
@@ New targets included:   702
Target sequences:                         2048  (166320 residues searched)
@@ New targets included:   183
Target sequences:                         2048  (156183 residues searched)
@@ New targets included:   800
Target sequences:                         2048  (68397 residues searched)
@@ New targets included:   243
Target sequences:                         2048  (201910 residues searched)
@@ New targets included:   327
Target sequences:                         2048  (50031 residues searched)
@@ New targets included:   1116
Target sequences:                         2048  (268778 residues searched)
@@ New targets included:   2015
Target sequences:                         2048  (69741 residues searched)
@@ New targets included:   132
Target sequences:                         2048  (187009 residues searched)
@@ New targets included:   529
Target sequences:                         2048  (83223 residues searched)
@@ New targets included:   1375
Target sequences:                         2048  (85346 residues searched)
@@ New targets included:   1485
1a04A01
1a0iA03
1a79A02
1a9xA03
1aipE03
1aorA03
1aq5A00
1bhaA00
1bl0A02
1bx7A00
1c3cA02
1c4kA01
1ciyA02
1cqxA03
1cwvA05
1cyoA00
1d2mA01
1d4vA02
1dceA02
1dp7P00
1e1hB01
1e3mB03
1ea9C04
1eb6A00
1ehxA00
1eqgA01
1f0lA01
1f0lA03
1f5nA01
1f7cA00
1fi5A00
1fp2A01
1fviA03
1g2hA00
1g4iA00
1g6uA00
1gjwA02
1gklA00
1gkpB02
1gkuB08
1gmnB01
1gsoA03
1gudA01
1gxeA00
1gyoA00
1h1lD03
1h1oA01
1h4aX01
1h6gA01
1h6wA01
1h6wA02
1h97A00
1heiA03
1hf2C02
1hg8A00
1hxmA01
1hzhH01
1i1wA00
1i7dA04
1i8dC02
1igdA00
1io1A02
1jfuA00
1jq4A00
1k04A01
1k3iA01
1k3iA02
1k3rA01
1k8kA03
1k8kC00
1kaeA01
1kaeA03
1kfiA04
1kfwA02
1kobA02
1koyA00
1krhA03
1l4sA01
1l8rB00
1lbuA01
1lc5A01
1lf6A01
1llmD02
1lvbA01
1lwjA01
1m4jA00
1m9sA04
1mnmC00
1mqsA03
1mw9X03
1mxgA02
1mzpA02
1n1iC02
1n3kA00
1n7dA02
1nb0A00
1ncsA00
1neuA00
1nh2B00
1nh2C00
