loaded model
loaded dataset  2va8A04.a3m
finished embedding dataset  2va8A04.a3m
loaded dataset  2dkhA01.a3m
finished embedding dataset  2dkhA01.a3m
loaded dataset  3p3eA02.a3m
finished embedding dataset  3p3eA02.a3m
loaded dataset  1kqfB02.a3m
finished embedding dataset  1kqfB02.a3m
loaded dataset  3gk7A02.a3m
finished embedding dataset  3gk7A02.a3m
loaded dataset  1k3rA01.a3m
finished embedding dataset  1k3rA01.a3m
loaded dataset  3qt2B03.a3m
finished embedding dataset  3qt2B03.a3m
loaded dataset  2dsjA02.a3m
finished embedding dataset  2dsjA02.a3m
loaded dataset  1ukcB00.a3m
finished embedding dataset  1ukcB00.a3m
loaded dataset  1rjaA00.a3m
finished embedding dataset  1rjaA00.a3m
loaded dataset  6az1J02.a3m
finished embedding dataset  6az1J02.a3m
loaded dataset  1vioA03.a3m
finished embedding dataset  1vioA03.a3m
loaded dataset  3jygA00.a3m
finished embedding dataset  3jygA00.a3m
loaded dataset  4ixoA01.a3m
finished embedding dataset  4ixoA01.a3m
loaded dataset  2wcbA00.a3m
finished embedding dataset  2wcbA00.a3m
loaded dataset  2cg7A01.a3m
finished embedding dataset  2cg7A01.a3m
loaded dataset  2c3vB00.a3m
finished embedding dataset  2c3vB00.a3m
loaded dataset  1ewqA02.a3m
finished embedding dataset  1ewqA02.a3m
loaded dataset  2fq4A02.a3m
finished embedding dataset  2fq4A02.a3m
loaded dataset  3c0iA02.a3m
finished embedding dataset  3c0iA02.a3m
loaded dataset  4hrsA00.a3m
finished embedding dataset  4hrsA00.a3m
loaded dataset  4bkxA02.a3m
finished embedding dataset  4bkxA02.a3m
loaded dataset  2e4uA03.a3m
finished embedding dataset  2e4uA03.a3m
loaded dataset  4kiaA00.a3m
finished embedding dataset  4kiaA00.a3m
loaded dataset  3vskA02.a3m
finished embedding dataset  3vskA02.a3m
loaded dataset  2h9aA02.a3m
finished embedding dataset  2h9aA02.a3m
loaded dataset  2l02A00.a3m
finished embedding dataset  2l02A00.a3m
loaded dataset  4edpA01.a3m
finished embedding dataset  4edpA01.a3m
loaded dataset  4n03A02.a3m
finished embedding dataset  4n03A02.a3m
loaded dataset  2w7yA01.a3m
finished embedding dataset  2w7yA01.a3m
loaded dataset  5i7iA00.a3m
finished embedding dataset  5i7iA00.a3m
loaded dataset  4nplA00.a3m
finished embedding dataset  4nplA00.a3m
loaded dataset  1v57A03.a3m
finished embedding dataset  1v57A03.a3m
loaded dataset  2co8A00.a3m
finished embedding dataset  2co8A00.a3m
loaded dataset  2awnD02.a3m
finished embedding dataset  2awnD02.a3m
loaded dataset  4iefA00.a3m
finished embedding dataset  4iefA00.a3m
loaded dataset  5zw7A02.a3m
finished embedding dataset  5zw7A02.a3m
loaded dataset  2wadA02.a3m
finished embedding dataset  2wadA02.a3m
loaded dataset  4hz9B00.a3m
finished embedding dataset  4hz9B00.a3m
loaded dataset  3atsA02.a3m
finished embedding dataset  3atsA02.a3m
loaded dataset  2fywC01.a3m
finished embedding dataset  2fywC01.a3m
loaded dataset  3hwuA00.a3m
finished embedding dataset  3hwuA00.a3m
loaded dataset  4jd0A00.a3m
finished embedding dataset  4jd0A00.a3m
loaded dataset  2yo0A01.a3m
finished embedding dataset  2yo0A01.a3m
loaded dataset  3da1A03.a3m
finished embedding dataset  3da1A03.a3m
loaded dataset  3i7jA00.a3m
finished embedding dataset  3i7jA00.a3m
loaded dataset  4dloA03.a3m
finished embedding dataset  4dloA03.a3m
loaded dataset  3gwbA02.a3m
finished embedding dataset  3gwbA02.a3m
loaded dataset  3thmF00.a3m
finished embedding dataset  3thmF00.a3m
loaded dataset  5ycqA00.a3m
finished embedding dataset  5ycqA00.a3m
loaded dataset  1vajA01.a3m
finished embedding dataset  1vajA01.a3m
loaded dataset  3sjmA00.a3m
finished embedding dataset  3sjmA00.a3m
loaded dataset  2ehbD00.a3m
finished embedding dataset  2ehbD00.a3m
loaded dataset  6dbpA00.a3m
finished embedding dataset  6dbpA00.a3m
loaded dataset  4u2mA01.a3m
finished embedding dataset  4u2mA01.a3m
loaded dataset  6hzwA01.a3m
finished embedding dataset  6hzwA01.a3m
loaded dataset  5y4fB00.a3m
finished embedding dataset  5y4fB00.a3m
loaded dataset  6mm2A00.a3m
finished embedding dataset  6mm2A00.a3m
loaded dataset  5le5J00.a3m
finished embedding dataset  5le5J00.a3m
loaded dataset  4x3aA00.a3m
finished embedding dataset  4x3aA00.a3m
loaded dataset  3kvnA02.a3m
finished embedding dataset  3kvnA02.a3m
loaded dataset  2bhwA01.a3m
finished embedding dataset  2bhwA01.a3m
loaded dataset  4i2uA00.a3m
finished embedding dataset  4i2uA00.a3m
loaded dataset  2g7bA00.a3m
finished embedding dataset  2g7bA00.a3m
loaded dataset  2rjlA01.a3m
finished embedding dataset  2rjlA01.a3m
loaded dataset  3kstA00.a3m
finished embedding dataset  3kstA00.a3m
loaded dataset  5yuyA01.a3m
finished embedding dataset  5yuyA01.a3m
loaded dataset  1a7jA00.a3m
finished embedding dataset  1a7jA00.a3m
loaded dataset  4mx8C01.a3m
finished embedding dataset  4mx8C01.a3m
loaded dataset  1ma1A01.a3m
finished embedding dataset  1ma1A01.a3m
loaded dataset  3k40A02.a3m
finished embedding dataset  3k40A02.a3m
loaded dataset  1ky9B04.a3m
finished embedding dataset  1ky9B04.a3m
loaded dataset  3gqcA02.a3m
finished embedding dataset  3gqcA02.a3m
loaded dataset  4mv4A03.a3m
finished embedding dataset  4mv4A03.a3m
loaded dataset  2qtfA02.a3m
finished embedding dataset  2qtfA02.a3m
loaded dataset  1topA02.a3m
finished embedding dataset  1topA02.a3m
loaded dataset  4k35A02.a3m
finished embedding dataset  4k35A02.a3m
loaded dataset  2w3sB02.a3m
finished embedding dataset  2w3sB02.a3m
loaded dataset  2cfqA02.a3m
finished embedding dataset  2cfqA02.a3m
loaded dataset  4xr7I01.a3m
finished embedding dataset  4xr7I01.a3m
loaded dataset  3n2bD01.a3m
finished embedding dataset  3n2bD01.a3m
loaded dataset  3hczA00.a3m
finished embedding dataset  3hczA00.a3m
loaded dataset  2zt5A01.a3m
finished embedding dataset  2zt5A01.a3m
loaded dataset  1zemA00.a3m
finished embedding dataset  1zemA00.a3m
loaded dataset  5uvrA00.a3m
finished embedding dataset  5uvrA00.a3m
loaded dataset  2fytA02.a3m
finished embedding dataset  2fytA02.a3m
loaded dataset  2q13A02.a3m
finished embedding dataset  2q13A02.a3m
loaded dataset  1h2tC03.a3m
finished embedding dataset  1h2tC03.a3m
loaded dataset  3pxpB02.a3m
finished embedding dataset  3pxpB02.a3m
loaded dataset  3gf3A03.a3m
finished embedding dataset  3gf3A03.a3m
loaded dataset  4i3fA00.a3m
finished embedding dataset  4i3fA00.a3m
loaded dataset  4h8qA00.a3m
finished embedding dataset  4h8qA00.a3m
loaded dataset  2dhzA01.a3m
finished embedding dataset  2dhzA01.a3m
loaded dataset  1wwmA00.a3m
finished embedding dataset  1wwmA00.a3m
loaded dataset  2jbvA03.a3m
finished embedding dataset  2jbvA03.a3m
loaded dataset  2v5cA01.a3m
finished embedding dataset  2v5cA01.a3m
loaded dataset  4hw6A02.a3m
finished embedding dataset  4hw6A02.a3m
loaded dataset  2e0zA03.a3m
finished embedding dataset  2e0zA03.a3m
loaded dataset  4gcnA00.a3m
finished embedding dataset  4gcnA00.a3m
loaded dataset  4az3B00.a3m
finished embedding dataset  4az3B00.a3m
loaded dataset  3ld7A00.a3m
finished embedding dataset  3ld7A00.a3m
loaded dataset  1u02A02.a3m
finished embedding dataset  1u02A02.a3m
loaded dataset  3b0dB00.a3m
finished embedding dataset  3b0dB00.a3m
loaded dataset  4ruwA01.a3m
finished embedding dataset  4ruwA01.a3m
loaded dataset  4r6yA02.a3m
finished embedding dataset  4r6yA02.a3m
loaded dataset  1x47A01.a3m
finished embedding dataset  1x47A01.a3m
loaded dataset  4nutA00.a3m
finished embedding dataset  4nutA00.a3m
loaded dataset  4r5dA02.a3m
finished embedding dataset  4r5dA02.a3m
loaded dataset  1ou0B00.a3m
finished embedding dataset  1ou0B00.a3m
loaded dataset  2hlcA02.a3m
finished embedding dataset  2hlcA02.a3m
loaded dataset  1vx7i00.a3m
finished embedding dataset  1vx7i00.a3m
loaded dataset  5hsgA02.a3m
finished embedding dataset  5hsgA02.a3m
loaded dataset  3f9sB00.a3m
finished embedding dataset  3f9sB00.a3m
loaded dataset  3p42A03.a3m
finished embedding dataset  3p42A03.a3m
loaded dataset  1rhfA02.a3m
finished embedding dataset  1rhfA02.a3m
loaded dataset  1vloA03.a3m
finished embedding dataset  1vloA03.a3m
loaded dataset  1nltA02.a3m
finished embedding dataset  1nltA02.a3m
loaded dataset  3dlbA04.a3m
finished embedding dataset  3dlbA04.a3m
loaded dataset  3ecmA00.a3m
finished embedding dataset  3ecmA00.a3m
loaded dataset  4og1A01.a3m
finished embedding dataset  4og1A01.a3m
loaded dataset  2wro400.a3m
finished embedding dataset  2wro400.a3m
loaded dataset  2gnoA02.a3m
finished embedding dataset  2gnoA02.a3m
loaded dataset  2nszA00.a3m
finished embedding dataset  2nszA00.a3m
loaded dataset  1ti2B03.a3m
finished embedding dataset  1ti2B03.a3m
loaded dataset  1z4eA00.a3m
finished embedding dataset  1z4eA00.a3m
loaded dataset  5f4cA00.a3m
finished embedding dataset  5f4cA00.a3m
loaded dataset  5zc1C00.a3m
finished embedding dataset  5zc1C00.a3m
loaded dataset  2a6hA01.a3m
finished embedding dataset  2a6hA01.a3m
loaded dataset  2rasA01.a3m
finished embedding dataset  2rasA01.a3m
loaded dataset  1sy7A01.a3m
finished embedding dataset  1sy7A01.a3m
loaded dataset  3b9oA00.a3m
finished embedding dataset  3b9oA00.a3m
loaded dataset  1z45A02.a3m
finished embedding dataset  1z45A02.a3m
loaded dataset  4wwhA02.a3m
finished embedding dataset  4wwhA02.a3m
loaded dataset  5a4aA00.a3m
finished embedding dataset  5a4aA00.a3m
loaded dataset  3ocoA00.a3m
finished embedding dataset  3ocoA00.a3m
loaded dataset  5mifA00.a3m
finished embedding dataset  5mifA00.a3m
loaded dataset  1mzpA02.a3m
finished embedding dataset  1mzpA02.a3m
loaded dataset  1vlyA01.a3m
finished embedding dataset  1vlyA01.a3m
loaded dataset  2hkvA01.a3m
finished embedding dataset  2hkvA01.a3m
loaded dataset  3r5zA00.a3m
finished embedding dataset  3r5zA00.a3m
loaded dataset  3askA02.a3m
finished embedding dataset  3askA02.a3m
loaded dataset  1xv2D02.a3m
finished embedding dataset  1xv2D02.a3m
loaded dataset  3i2kA03.a3m
finished embedding dataset  3i2kA03.a3m
loaded dataset  6btyB00.a3m
finished embedding dataset  6btyB00.a3m
loaded dataset  6ipuC00.a3m
finished embedding dataset  6ipuC00.a3m
loaded dataset  1o0lA00.a3m
finished embedding dataset  1o0lA00.a3m
loaded dataset  2pndA00.a3m
finished embedding dataset  2pndA00.a3m
loaded dataset  1upqA00.a3m
finished embedding dataset  1upqA00.a3m
loaded dataset  2gg2A00.a3m
finished embedding dataset  2gg2A00.a3m
loaded dataset  6pu9A00.a3m
finished embedding dataset  6pu9A00.a3m
loaded dataset  6eofA02.a3m
finished embedding dataset  6eofA02.a3m
loaded dataset  1uzkA01.a3m
finished embedding dataset  1uzkA01.a3m
loaded dataset  2yjgA02.a3m
finished embedding dataset  2yjgA02.a3m
loaded dataset  3b4nA01.a3m
finished embedding dataset  3b4nA01.a3m
loaded dataset  5jnmA02.a3m
finished embedding dataset  5jnmA02.a3m
loaded dataset  3d4rB02.a3m
finished embedding dataset  3d4rB02.a3m
loaded dataset  3bg3B03.a3m
finished embedding dataset  3bg3B03.a3m
loaded dataset  1gd8A00.a3m
finished embedding dataset  1gd8A00.a3m
loaded dataset  1gqiA03.a3m
finished embedding dataset  1gqiA03.a3m
loaded dataset  4g2nA02.a3m
finished embedding dataset  4g2nA02.a3m
loaded dataset  1zuwB01.a3m
finished embedding dataset  1zuwB01.a3m
loaded dataset  3e4gA00.a3m
finished embedding dataset  3e4gA00.a3m
loaded dataset  3wo4B01.a3m
finished embedding dataset  3wo4B01.a3m
loaded dataset  4ytlA01.a3m
finished embedding dataset  4ytlA01.a3m
loaded dataset  3ni7A00.a3m
finished embedding dataset  3ni7A00.a3m
loaded dataset  1p3y100.a3m
finished embedding dataset  1p3y100.a3m
loaded dataset  2vzbB00.a3m
finished embedding dataset  2vzbB00.a3m
loaded dataset  1xkgA00.a3m
finished embedding dataset  1xkgA00.a3m
loaded dataset  4p78A00.a3m
finished embedding dataset  4p78A00.a3m
loaded dataset  2qm0B01.a3m
finished embedding dataset  2qm0B01.a3m
loaded dataset  2gxbB00.a3m
finished embedding dataset  2gxbB00.a3m
loaded dataset  3fseB02.a3m
finished embedding dataset  3fseB02.a3m
loaded dataset  1s12A00.a3m
finished embedding dataset  1s12A00.a3m
loaded dataset  3sxxC01.a3m
finished embedding dataset  3sxxC01.a3m
loaded dataset  4yslA00.a3m
finished embedding dataset  4yslA00.a3m
loaded dataset  4r5qA00.a3m
finished embedding dataset  4r5qA00.a3m
loaded dataset  3sq7A01.a3m
finished embedding dataset  3sq7A01.a3m
loaded dataset  5znjA03.a3m
finished embedding dataset  5znjA03.a3m
loaded dataset  1vl6B02.a3m
finished embedding dataset  1vl6B02.a3m
loaded dataset  1repC02.a3m
finished embedding dataset  1repC02.a3m
loaded dataset  4xnhC00.a3m
finished embedding dataset  4xnhC00.a3m
loaded dataset  3u0cA00.a3m
finished embedding dataset  3u0cA00.a3m
loaded dataset  3qxcA00.a3m
finished embedding dataset  3qxcA00.a3m
loaded dataset  2calA00.a3m
finished embedding dataset  2calA00.a3m
loaded dataset  3k1uA00.a3m
finished embedding dataset  3k1uA00.a3m
loaded dataset  4mnnA00.a3m
finished embedding dataset  4mnnA00.a3m
loaded dataset  3peyA02.a3m
finished embedding dataset  3peyA02.a3m
loaded dataset  3lkdB01.a3m
finished embedding dataset  3lkdB01.a3m
loaded dataset  6eowA01.a3m
finished embedding dataset  6eowA01.a3m
loaded dataset  3sjnA02.a3m
finished embedding dataset  3sjnA02.a3m
loaded dataset  3bt7A02.a3m
finished embedding dataset  3bt7A02.a3m
loaded dataset  1s7eA02.a3m
finished embedding dataset  1s7eA02.a3m
loaded dataset  6dhqA03.a3m
finished embedding dataset  6dhqA03.a3m
loaded dataset  3mkhA03.a3m
finished embedding dataset  3mkhA03.a3m
loaded dataset  6exmB02.a3m
finished embedding dataset  6exmB02.a3m
loaded dataset  4ebbA02.a3m
finished embedding dataset  4ebbA02.a3m
loaded dataset  1j7qA00.a3m
finished embedding dataset  1j7qA00.a3m
loaded dataset  1vraB01.a3m
finished embedding dataset  1vraB01.a3m
loaded dataset  4ij5A00.a3m
finished embedding dataset  4ij5A00.a3m
loaded dataset  3hx3A01.a3m
finished embedding dataset  3hx3A01.a3m
loaded dataset  1vx4407.a3m
finished embedding dataset  1vx4407.a3m
loaded dataset  3vvhC02.a3m
finished embedding dataset  3vvhC02.a3m
loaded dataset  2pkdA00.a3m
finished embedding dataset  2pkdA00.a3m
loaded dataset  3g12B00.a3m
finished embedding dataset  3g12B00.a3m
loaded dataset  2zzjA00.a3m
finished embedding dataset  2zzjA00.a3m
loaded dataset  3q2wA05.a3m
finished embedding dataset  3q2wA05.a3m
loaded dataset  4p6qA01.a3m
finished embedding dataset  4p6qA01.a3m
loaded dataset  1darA05.a3m
finished embedding dataset  1darA05.a3m
loaded dataset  3f02B02.a3m
finished embedding dataset  3f02B02.a3m
loaded dataset  2o7sA01.a3m
finished embedding dataset  2o7sA01.a3m
loaded dataset  2ozjA00.a3m
finished embedding dataset  2ozjA00.a3m
loaded dataset  1wzzA00.a3m
finished embedding dataset  1wzzA00.a3m
loaded dataset  5toqA02.a3m
finished embedding dataset  5toqA02.a3m
loaded dataset  5vdnA02.a3m
finished embedding dataset  5vdnA02.a3m
loaded dataset  4bjyA02.a3m
finished embedding dataset  4bjyA02.a3m
loaded dataset  1u8sA02.a3m
finished embedding dataset  1u8sA02.a3m
loaded dataset  3hopA01.a3m
finished embedding dataset  3hopA01.a3m
loaded dataset  5ep2A02.a3m
finished embedding dataset  5ep2A02.a3m
loaded dataset  3nwzC00.a3m
finished embedding dataset  3nwzC00.a3m
loaded dataset  1i7dA04.a3m
finished embedding dataset  1i7dA04.a3m
loaded dataset  5uaxA01.a3m
finished embedding dataset  5uaxA01.a3m
loaded dataset  1m93B02.a3m
finished embedding dataset  1m93B02.a3m
loaded dataset  1nkrA01.a3m
finished embedding dataset  1nkrA01.a3m
loaded dataset  3r75A02.a3m
finished embedding dataset  3r75A02.a3m
loaded dataset  4qqhA00.a3m
finished embedding dataset  4qqhA00.a3m
loaded dataset  5xjvB00.a3m
finished embedding dataset  5xjvB00.a3m
loaded dataset  1wlmA01.a3m
finished embedding dataset  1wlmA01.a3m
loaded dataset  3dr3A01.a3m
finished embedding dataset  3dr3A01.a3m
loaded dataset  1pg6A00.a3m
finished embedding dataset  1pg6A00.a3m
loaded dataset  5jo9A00.a3m
finished embedding dataset  5jo9A00.a3m
loaded dataset  3r9tB01.a3m
finished embedding dataset  3r9tB01.a3m
loaded dataset  1g2rA00.a3m
finished embedding dataset  1g2rA00.a3m
loaded dataset  4gj4B00.a3m
finished embedding dataset  4gj4B00.a3m
loaded dataset  2rcyA01.a3m
finished embedding dataset  2rcyA01.a3m
loaded dataset  1hxhA00.a3m
finished embedding dataset  1hxhA00.a3m
loaded dataset  1x4sA00.a3m
finished embedding dataset  1x4sA00.a3m
loaded dataset  3eliA00.a3m
finished embedding dataset  3eliA00.a3m
loaded dataset  2ayzA00.a3m
finished embedding dataset  2ayzA00.a3m
loaded dataset  1wqaA04.a3m
finished embedding dataset  1wqaA04.a3m
loaded dataset  3sl9B00.a3m
finished embedding dataset  3sl9B00.a3m
loaded dataset  3oseA00.a3m
finished embedding dataset  3oseA00.a3m
loaded dataset  1pujA02.a3m
finished embedding dataset  1pujA02.a3m
loaded dataset  1biaA01.a3m
finished embedding dataset  1biaA01.a3m
loaded dataset  1hssA00.a3m
finished embedding dataset  1hssA00.a3m
loaded dataset  4j1qA00.a3m
finished embedding dataset  4j1qA00.a3m
loaded dataset  2aklA02.a3m
finished embedding dataset  2aklA02.a3m
loaded dataset  3f0cA01.a3m
finished embedding dataset  3f0cA01.a3m
loaded dataset  4iibA01.a3m
finished embedding dataset  4iibA01.a3m
loaded dataset  4ldvA02.a3m
finished embedding dataset  4ldvA02.a3m
loaded dataset  3puqA01.a3m
finished embedding dataset  3puqA01.a3m
loaded dataset  3l2dB01.a3m
finished embedding dataset  3l2dB01.a3m
loaded dataset  1tzbA02.a3m
finished embedding dataset  1tzbA02.a3m
loaded dataset  3zykB02.a3m
finished embedding dataset  3zykB02.a3m
loaded dataset  2fclA00.a3m
finished embedding dataset  2fclA00.a3m
loaded dataset  3ks3A00.a3m
finished embedding dataset  3ks3A00.a3m
loaded dataset  3vr0A00.a3m
finished embedding dataset  3vr0A00.a3m
loaded dataset  5nx8C02.a3m
finished embedding dataset  5nx8C02.a3m
loaded dataset  4ldgA00.a3m
finished embedding dataset  4ldgA00.a3m
loaded dataset  1zuyA00.a3m
finished embedding dataset  1zuyA00.a3m
loaded dataset  6n6qD00.a3m
finished embedding dataset  6n6qD00.a3m
loaded dataset  3v6iA01.a3m
finished embedding dataset  3v6iA01.a3m
loaded dataset  4cy9A00.a3m
finished embedding dataset  4cy9A00.a3m
loaded dataset  2o55A00.a3m
finished embedding dataset  2o55A00.a3m
loaded dataset  2qm1B01.a3m
finished embedding dataset  2qm1B01.a3m
loaded dataset  5l0rB00.a3m
finished embedding dataset  5l0rB00.a3m
loaded dataset  4k2pD01.a3m
finished embedding dataset  4k2pD01.a3m
loaded dataset  2ma3A00.a3m
finished embedding dataset  2ma3A00.a3m
loaded dataset  2qmcB00.a3m
finished embedding dataset  2qmcB00.a3m
loaded dataset  4oogC01.a3m
finished embedding dataset  4oogC01.a3m
loaded dataset  2h5xA03.a3m
finished embedding dataset  2h5xA03.a3m
loaded dataset  2yurA00.a3m
finished embedding dataset  2yurA00.a3m
loaded dataset  1gnlA03.a3m
finished embedding dataset  1gnlA03.a3m
loaded dataset  1z6nA00.a3m
finished embedding dataset  1z6nA00.a3m
loaded dataset  3vlaA02.a3m
finished embedding dataset  3vlaA02.a3m
loaded dataset  4kamA01.a3m
finished embedding dataset  4kamA01.a3m
loaded dataset  3bqzA02.a3m
finished embedding dataset  3bqzA02.a3m
loaded dataset  1m8lA01.a3m
finished embedding dataset  1m8lA01.a3m
loaded dataset  3kd4A01.a3m
finished embedding dataset  3kd4A01.a3m
loaded dataset  3jtnB00.a3m
finished embedding dataset  3jtnB00.a3m
loaded dataset  5f82B00.a3m
finished embedding dataset  5f82B00.a3m
loaded dataset  3o0lB00.a3m
finished embedding dataset  3o0lB00.a3m
loaded dataset  4xbmB01.a3m
finished embedding dataset  4xbmB01.a3m
loaded dataset  2dpkA01.a3m
finished embedding dataset  2dpkA01.a3m
loaded dataset  3eulB00.a3m
finished embedding dataset  3eulB00.a3m
loaded dataset  4a2bA01.a3m
finished embedding dataset  4a2bA01.a3m
loaded dataset  2dl4A00.a3m
finished embedding dataset  2dl4A00.a3m
loaded dataset  3ie7A00.a3m
finished embedding dataset  3ie7A00.a3m
loaded dataset  4zynB01.a3m
finished embedding dataset  4zynB01.a3m
loaded dataset  2c9wA01.a3m
finished embedding dataset  2c9wA01.a3m
loaded dataset  3bk6A02.a3m
finished embedding dataset  3bk6A02.a3m
loaded dataset  5hdmA02.a3m
finished embedding dataset  5hdmA02.a3m
loaded dataset  1nwbA00.a3m
finished embedding dataset  1nwbA00.a3m
loaded dataset  3fiqA00.a3m
finished embedding dataset  3fiqA00.a3m
loaded dataset  6sjaB01.a3m
finished embedding dataset  6sjaB01.a3m
loaded dataset  4k3bA06.a3m
finished embedding dataset  4k3bA06.a3m
loaded dataset  1mvfD00.a3m
finished embedding dataset  1mvfD00.a3m
loaded dataset  4kqpA01.a3m
finished embedding dataset  4kqpA01.a3m
loaded dataset  3c0kA01.a3m
finished embedding dataset  3c0kA01.a3m
loaded dataset  3a0oA02.a3m
finished embedding dataset  3a0oA02.a3m
loaded dataset  2xwxA02.a3m
finished embedding dataset  2xwxA02.a3m
loaded dataset  1zczA01.a3m
finished embedding dataset  1zczA01.a3m
loaded dataset  5tprA02.a3m
finished embedding dataset  5tprA02.a3m
loaded dataset  1xhdA00.a3m
finished embedding dataset  1xhdA00.a3m
loaded dataset  6ohbA02.a3m
finished embedding dataset  6ohbA02.a3m
loaded dataset  2wlrA01.a3m
finished embedding dataset  2wlrA01.a3m
loaded dataset  4i0wB01.a3m
finished embedding dataset  4i0wB01.a3m
loaded dataset  4q7qB00.a3m
finished embedding dataset  4q7qB00.a3m
loaded dataset  6q4xA00.a3m
finished embedding dataset  6q4xA00.a3m
loaded dataset  4py9A02.a3m
finished embedding dataset  4py9A02.a3m
loaded dataset  5dudC02.a3m
finished embedding dataset  5dudC02.a3m
loaded dataset  4d05A01.a3m
finished embedding dataset  4d05A01.a3m
loaded dataset  3jwnE00.a3m
finished embedding dataset  3jwnE00.a3m
loaded dataset  1ogaE01.a3m
finished embedding dataset  1ogaE01.a3m
loaded dataset  2oseA00.a3m
finished embedding dataset  2oseA00.a3m
loaded dataset  4bszB00.a3m
finished embedding dataset  4bszB00.a3m
loaded dataset  4a3pA01.a3m
finished embedding dataset  4a3pA01.a3m
loaded dataset  3h8uA00.a3m
finished embedding dataset  3h8uA00.a3m
loaded dataset  4du5B00.a3m
finished embedding dataset  4du5B00.a3m
loaded dataset  1x60A01.a3m
finished embedding dataset  1x60A01.a3m
loaded dataset  2abwA00.a3m
finished embedding dataset  2abwA00.a3m
loaded dataset  5umfC00.a3m
finished embedding dataset  5umfC00.a3m
loaded dataset  1tu9A00.a3m
finished embedding dataset  1tu9A00.a3m
loaded dataset  6muwN00.a3m
finished embedding dataset  6muwN00.a3m
loaded dataset  1wraA01.a3m
finished embedding dataset  1wraA01.a3m
loaded dataset  3lf5A00.a3m
finished embedding dataset  3lf5A00.a3m
loaded dataset  2j4jF00.a3m
finished embedding dataset  2j4jF00.a3m
loaded dataset  3nb0D01.a3m
finished embedding dataset  3nb0D01.a3m
loaded dataset  5crwA02.a3m
finished embedding dataset  5crwA02.a3m
loaded dataset  3ppuB01.a3m
finished embedding dataset  3ppuB01.a3m
loaded dataset  2fphX02.a3m
finished embedding dataset  2fphX02.a3m
loaded dataset  1hs7A00.a3m
finished embedding dataset  1hs7A00.a3m
loaded dataset  4gf0A02.a3m
finished embedding dataset  4gf0A02.a3m
loaded dataset  2knoA01.a3m
finished embedding dataset  2knoA01.a3m
loaded dataset  4xjxB01.a3m
finished embedding dataset  4xjxB01.a3m
loaded dataset  4y85C01.a3m
finished embedding dataset  4y85C01.a3m
loaded dataset  1l1qA00.a3m
finished embedding dataset  1l1qA00.a3m
loaded dataset  4cc0B03.a3m
finished embedding dataset  4cc0B03.a3m
loaded dataset  3o58D00.a3m
finished embedding dataset  3o58D00.a3m
loaded dataset  3o58d00.a3m
finished embedding dataset  3o58d00.a3m
loaded dataset  3hjcA01.a3m
finished embedding dataset  3hjcA01.a3m
loaded dataset  2cc3A00.a3m
finished embedding dataset  2cc3A00.a3m
loaded dataset  4gwmA02.a3m
finished embedding dataset  4gwmA02.a3m
loaded dataset  3pucA00.a3m
finished embedding dataset  3pucA00.a3m
loaded dataset  4ywzB00.a3m
finished embedding dataset  4ywzB00.a3m
loaded dataset  4b8nB00.a3m
finished embedding dataset  4b8nB00.a3m
loaded dataset  4iw9B01.a3m
finished embedding dataset  4iw9B01.a3m
loaded dataset  1yhfA01.a3m
finished embedding dataset  1yhfA01.a3m
loaded dataset  3zssA01.a3m
finished embedding dataset  3zssA01.a3m
loaded dataset  3oc7A02.a3m
finished embedding dataset  3oc7A02.a3m
loaded dataset  4kxqA02.a3m
finished embedding dataset  4kxqA02.a3m
loaded dataset  2cqnA00.a3m
finished embedding dataset  2cqnA00.a3m
loaded dataset  1ul4A01.a3m
finished embedding dataset  1ul4A01.a3m
loaded dataset  2o3oA02.a3m
finished embedding dataset  2o3oA02.a3m
loaded dataset  3m62B00.a3m
finished embedding dataset  3m62B00.a3m
loaded dataset  4e9oX00.a3m
finished embedding dataset  4e9oX00.a3m
loaded dataset  2ykgA01.a3m
finished embedding dataset  2ykgA01.a3m
loaded dataset  4oi4C01.a3m
finished embedding dataset  4oi4C01.a3m
loaded dataset  1t11A03.a3m
finished embedding dataset  1t11A03.a3m
loaded dataset  2irpA00.a3m
finished embedding dataset  2irpA00.a3m
loaded dataset  3mn8B02.a3m
finished embedding dataset  3mn8B02.a3m
loaded dataset  1byrA00.a3m
finished embedding dataset  1byrA00.a3m
loaded dataset  3ejjX02.a3m
finished embedding dataset  3ejjX02.a3m
loaded dataset  5a2fA02.a3m
finished embedding dataset  5a2fA02.a3m
loaded dataset  4h8aA01.a3m
finished embedding dataset  4h8aA01.a3m
loaded dataset  3au4A04.a3m
finished embedding dataset  3au4A04.a3m
loaded dataset  3dlsB02.a3m
finished embedding dataset  3dlsB02.a3m
loaded dataset  1zcdA00.a3m
finished embedding dataset  1zcdA00.a3m
loaded dataset  2f7aA01.a3m
finished embedding dataset  2f7aA01.a3m
loaded dataset  3lmzA00.a3m
finished embedding dataset  3lmzA00.a3m
loaded dataset  4a9aA02.a3m
finished embedding dataset  4a9aA02.a3m
loaded dataset  4r16A01.a3m
finished embedding dataset  4r16A01.a3m
loaded dataset  2h09A02.a3m
finished embedding dataset  2h09A02.a3m
loaded dataset  4r7yA03.a3m
finished embedding dataset  4r7yA03.a3m
loaded dataset  4l63A00.a3m
finished embedding dataset  4l63A00.a3m
loaded dataset  3l7nA00.a3m
finished embedding dataset  3l7nA00.a3m
loaded dataset  2gqtA01.a3m
finished embedding dataset  2gqtA01.a3m
loaded dataset  4fqgA02.a3m
finished embedding dataset  4fqgA02.a3m
loaded dataset  3ep6A00.a3m
finished embedding dataset  3ep6A00.a3m
loaded dataset  4a1iA02.a3m
finished embedding dataset  4a1iA02.a3m
loaded dataset  2qy1A00.a3m
finished embedding dataset  2qy1A00.a3m
loaded dataset  4fxvA00.a3m
finished embedding dataset  4fxvA00.a3m
loaded dataset  3exqA01.a3m
finished embedding dataset  3exqA01.a3m
loaded dataset  2nr4A02.a3m
finished embedding dataset  2nr4A02.a3m
loaded dataset  4dglB02.a3m
finished embedding dataset  4dglB02.a3m
loaded dataset  5e8dA00.a3m
finished embedding dataset  5e8dA00.a3m
loaded dataset  1lnqA01.a3m
finished embedding dataset  1lnqA01.a3m
loaded dataset  2xtlA02.a3m
finished embedding dataset  2xtlA02.a3m
loaded dataset  1xawA01.a3m
finished embedding dataset  1xawA01.a3m
loaded dataset  4ms4A01.a3m
finished embedding dataset  4ms4A01.a3m
loaded dataset  3fayA00.a3m
finished embedding dataset  3fayA00.a3m
loaded dataset  4o38B02.a3m
finished embedding dataset  4o38B02.a3m
loaded dataset  4pe0A00.a3m
finished embedding dataset  4pe0A00.a3m
loaded dataset  3g20A01.a3m
finished embedding dataset  3g20A01.a3m
loaded dataset  2iw3A03.a3m
finished embedding dataset  2iw3A03.a3m
loaded dataset  4agrB00.a3m
finished embedding dataset  4agrB00.a3m
loaded dataset  1jmoA02.a3m
finished embedding dataset  1jmoA02.a3m
loaded dataset  6az1F01.a3m
finished embedding dataset  6az1F01.a3m
loaded dataset  5mj3C00.a3m
finished embedding dataset  5mj3C00.a3m
loaded dataset  4o8hA00.a3m
finished embedding dataset  4o8hA00.a3m
loaded dataset  3qk7C02.a3m
finished embedding dataset  3qk7C02.a3m
loaded dataset  3knbB00.a3m
finished embedding dataset  3knbB00.a3m
loaded dataset  2zadA01.a3m
finished embedding dataset  2zadA01.a3m
loaded dataset  2hpuA01.a3m
finished embedding dataset  2hpuA01.a3m
loaded dataset  5x5mA00.a3m
finished embedding dataset  5x5mA00.a3m
loaded dataset  3sfzA05.a3m
finished embedding dataset  3sfzA05.a3m
loaded dataset  4of6A00.a3m
finished embedding dataset  4of6A00.a3m
loaded dataset  3hc1A00.a3m
finished embedding dataset  3hc1A00.a3m
loaded dataset  3gjxD00.a3m
finished embedding dataset  3gjxD00.a3m
loaded dataset  4ldvA03.a3m
finished embedding dataset  4ldvA03.a3m
loaded dataset  2gkeA02.a3m
finished embedding dataset  2gkeA02.a3m
loaded dataset  1h8eH00.a3m
finished embedding dataset  1h8eH00.a3m
loaded dataset  2ix5A01.a3m
finished embedding dataset  2ix5A01.a3m
loaded dataset  6b1kA00.a3m
finished embedding dataset  6b1kA00.a3m
loaded dataset  4rgyA00.a3m
finished embedding dataset  4rgyA00.a3m
loaded dataset  3oocA01.a3m
finished embedding dataset  3oocA01.a3m
loaded dataset  4oqpA00.a3m
finished embedding dataset  4oqpA00.a3m
loaded dataset  3go2A02.a3m
finished embedding dataset  3go2A02.a3m
loaded dataset  1qd1A01.a3m
finished embedding dataset  1qd1A01.a3m
loaded dataset  5fwaA01.a3m
finished embedding dataset  5fwaA01.a3m
loaded dataset  2bm8B02.a3m
finished embedding dataset  2bm8B02.a3m
loaded dataset  6em3G00.a3m
finished embedding dataset  6em3G00.a3m
loaded dataset  2pn2A00.a3m
finished embedding dataset  2pn2A00.a3m
loaded dataset  1fjcA00.a3m
finished embedding dataset  1fjcA00.a3m
loaded dataset  2elkA00.a3m
finished embedding dataset  2elkA00.a3m
loaded dataset  1g8aA02.a3m
finished embedding dataset  1g8aA02.a3m
loaded dataset  3py9A01.a3m
finished embedding dataset  3py9A01.a3m
loaded dataset  2x7qA01.a3m
finished embedding dataset  2x7qA01.a3m
loaded dataset  5bncA02.a3m
finished embedding dataset  5bncA02.a3m
loaded dataset  5jntA00.a3m
finished embedding dataset  5jntA00.a3m
loaded dataset  1nsjA00.a3m
finished embedding dataset  1nsjA00.a3m
loaded dataset  2ymsB00.a3m
finished embedding dataset  2ymsB00.a3m
loaded dataset  2np2A00.a3m
finished embedding dataset  2np2A00.a3m
loaded dataset  5f33A03.a3m
finished embedding dataset  5f33A03.a3m
loaded dataset  2zj2A03.a3m
finished embedding dataset  2zj2A03.a3m
loaded dataset  3icsA02.a3m
finished embedding dataset  3icsA02.a3m
loaded dataset  2pmlX02.a3m
finished embedding dataset  2pmlX02.a3m
loaded dataset  3gj0A00.a3m
finished embedding dataset  3gj0A00.a3m
loaded dataset  3eg5B03.a3m
finished embedding dataset  3eg5B03.a3m
loaded dataset  3hlxA00.a3m
finished embedding dataset  3hlxA00.a3m
loaded dataset  5vi4F03.a3m
finished embedding dataset  5vi4F03.a3m
loaded dataset  5yuaA02.a3m
finished embedding dataset  5yuaA02.a3m
loaded dataset  1v72A01.a3m
finished embedding dataset  1v72A01.a3m
loaded dataset  1mnmC00.a3m
finished embedding dataset  1mnmC00.a3m
loaded dataset  3qf2A00.a3m
finished embedding dataset  3qf2A00.a3m
loaded dataset  3qb8A00.a3m
finished embedding dataset  3qb8A00.a3m
loaded dataset  1ibxB00.a3m
finished embedding dataset  1ibxB00.a3m
loaded dataset  2vqeB02.a3m
finished embedding dataset  2vqeB02.a3m
loaded dataset  3crvA03.a3m
finished embedding dataset  3crvA03.a3m
loaded dataset  5wmkA02.a3m
finished embedding dataset  5wmkA02.a3m
loaded dataset  5ezqA02.a3m
finished embedding dataset  5ezqA02.a3m
loaded dataset  1a6zA01.a3m
finished embedding dataset  1a6zA01.a3m
loaded dataset  1ezwA00.a3m
finished embedding dataset  1ezwA00.a3m
loaded dataset  2r6aC01.a3m
finished embedding dataset  2r6aC01.a3m
loaded dataset  1mdbA02.a3m
finished embedding dataset  1mdbA02.a3m
loaded dataset  1ut9A01.a3m
finished embedding dataset  1ut9A01.a3m
loaded dataset  1jnrA03.a3m
finished embedding dataset  1jnrA03.a3m
loaded dataset  5m7uB01.a3m
finished embedding dataset  5m7uB01.a3m
loaded dataset  2e2aC00.a3m
finished embedding dataset  2e2aC00.a3m
loaded dataset  1fgyA00.a3m
finished embedding dataset  1fgyA00.a3m
loaded dataset  2ozeA00.a3m
finished embedding dataset  2ozeA00.a3m
loaded dataset  3l0zC00.a3m
finished embedding dataset  3l0zC00.a3m
loaded dataset  1a8lA01.a3m
finished embedding dataset  1a8lA01.a3m
loaded dataset  2p84A02.a3m
finished embedding dataset  2p84A02.a3m
loaded dataset  2dgbA00.a3m
finished embedding dataset  2dgbA00.a3m
loaded dataset  1qr6A01.a3m
finished embedding dataset  1qr6A01.a3m
loaded dataset  3hugE00.a3m
finished embedding dataset  3hugE00.a3m
loaded dataset  1xfsA00.a3m
finished embedding dataset  1xfsA00.a3m
loaded dataset  3b7xA00.a3m
finished embedding dataset  3b7xA00.a3m
loaded dataset  4ic9A00.a3m
finished embedding dataset  4ic9A00.a3m
loaded dataset  3iylW05.a3m
finished embedding dataset  3iylW05.a3m
loaded dataset  2l55A00.a3m
finished embedding dataset  2l55A00.a3m
loaded dataset  6is3C00.a3m
finished embedding dataset  6is3C00.a3m
loaded dataset  3tadC02.a3m
finished embedding dataset  3tadC02.a3m
loaded dataset  3aofA00.a3m
finished embedding dataset  3aofA00.a3m
loaded dataset  4oltB01.a3m
finished embedding dataset  4oltB01.a3m
loaded dataset  2p9bA02.a3m
finished embedding dataset  2p9bA02.a3m
loaded dataset  4l6wB01.a3m
finished embedding dataset  4l6wB01.a3m
loaded dataset  1wimA00.a3m
finished embedding dataset  1wimA00.a3m
loaded dataset  2cyeC00.a3m
finished embedding dataset  2cyeC00.a3m
loaded dataset  1b9hA02.a3m
finished embedding dataset  1b9hA02.a3m
loaded dataset  1tfzA01.a3m
finished embedding dataset  1tfzA01.a3m
loaded dataset  1wh5A00.a3m
finished embedding dataset  1wh5A00.a3m
loaded dataset  2f4eB00.a3m
finished embedding dataset  2f4eB00.a3m
loaded dataset  1qwyA02.a3m
finished embedding dataset  1qwyA02.a3m
loaded dataset  3mf7A00.a3m
finished embedding dataset  3mf7A00.a3m
loaded dataset  5ng9A01.a3m
finished embedding dataset  5ng9A01.a3m
loaded dataset  3ighX01.a3m
finished embedding dataset  3ighX01.a3m
loaded dataset  5w3xD01.a3m
finished embedding dataset  5w3xD01.a3m
loaded dataset  2jlpB00.a3m
finished embedding dataset  2jlpB00.a3m
loaded dataset  3o7qA02.a3m
finished embedding dataset  3o7qA02.a3m
loaded dataset  3sqsA01.a3m
finished embedding dataset  3sqsA01.a3m
loaded dataset  2b67A00.a3m
finished embedding dataset  2b67A00.a3m
loaded dataset  2lcqA01.a3m
finished embedding dataset  2lcqA01.a3m
loaded dataset  3lazA01.a3m
finished embedding dataset  3lazA01.a3m
loaded dataset  2qq9A03.a3m
finished embedding dataset  2qq9A03.a3m
loaded dataset  2pg0A03.a3m
finished embedding dataset  2pg0A03.a3m
loaded dataset  5c8qB01.a3m
finished embedding dataset  5c8qB01.a3m
loaded dataset  3a8gB01.a3m
finished embedding dataset  3a8gB01.a3m
loaded dataset  1n26A02.a3m
finished embedding dataset  1n26A02.a3m
loaded dataset  4utuA00.a3m
finished embedding dataset  4utuA00.a3m
loaded dataset  4e5nC01.a3m
finished embedding dataset  4e5nC01.a3m
loaded dataset  2xgtB01.a3m
finished embedding dataset  2xgtB01.a3m
loaded dataset  3fd4A00.a3m
finished embedding dataset  3fd4A00.a3m
loaded dataset  1pkyC03.a3m
finished embedding dataset  1pkyC03.a3m
loaded dataset  3rkgA01.a3m
finished embedding dataset  3rkgA01.a3m
loaded dataset  2jfzB01.a3m
finished embedding dataset  2jfzB01.a3m
loaded dataset  5dthD01.a3m
finished embedding dataset  5dthD01.a3m
loaded dataset  5jouA04.a3m
finished embedding dataset  5jouA04.a3m
loaded dataset  3q2qA00.a3m
finished embedding dataset  3q2qA00.a3m
loaded dataset  3fdiB00.a3m
finished embedding dataset  3fdiB00.a3m
loaded dataset  3bqyA01.a3m
finished embedding dataset  3bqyA01.a3m
loaded dataset  5h7kA01.a3m
finished embedding dataset  5h7kA01.a3m
loaded dataset  5u2oA02.a3m
finished embedding dataset  5u2oA02.a3m
loaded dataset  5tirB02.a3m
finished embedding dataset  5tirB02.a3m
loaded dataset  4cpdA02.a3m
finished embedding dataset  4cpdA02.a3m
loaded dataset  1ej0A00.a3m
finished embedding dataset  1ej0A00.a3m
loaded dataset  1fnnB03.a3m
finished embedding dataset  1fnnB03.a3m
loaded dataset  3tszA03.a3m
finished embedding dataset  3tszA03.a3m
loaded dataset  3hymL00.a3m
finished embedding dataset  3hymL00.a3m
loaded dataset  1sazA01.a3m
finished embedding dataset  1sazA01.a3m
loaded dataset  3gwaA01.a3m
finished embedding dataset  3gwaA01.a3m
loaded dataset  3akbA00.a3m
finished embedding dataset  3akbA00.a3m
loaded dataset  1f3mA00.a3m
finished embedding dataset  1f3mA00.a3m
loaded dataset  5tnxA01.a3m
finished embedding dataset  5tnxA01.a3m
loaded dataset  3mgbB00.a3m
finished embedding dataset  3mgbB00.a3m
loaded dataset  3t7lA00.a3m
finished embedding dataset  3t7lA00.a3m
loaded dataset  3oc4A02.a3m
finished embedding dataset  3oc4A02.a3m
loaded dataset  6om4B02.a3m
finished embedding dataset  6om4B02.a3m
loaded dataset  4pk9A00.a3m
finished embedding dataset  4pk9A00.a3m
loaded dataset  4wd3A01.a3m
finished embedding dataset  4wd3A01.a3m
loaded dataset  1yj7B01.a3m
finished embedding dataset  1yj7B01.a3m
loaded dataset  4gkbA00.a3m
finished embedding dataset  4gkbA00.a3m
loaded dataset  3h8vB00.a3m
finished embedding dataset  3h8vB00.a3m
loaded dataset  4uusE00.a3m
finished embedding dataset  4uusE00.a3m
loaded dataset  1jbeA00.a3m
finished embedding dataset  1jbeA00.a3m
loaded dataset  2pifA01.a3m
finished embedding dataset  2pifA01.a3m
loaded dataset  5lxxA02.a3m
finished embedding dataset  5lxxA02.a3m
loaded dataset  5tjjB02.a3m
finished embedding dataset  5tjjB02.a3m
loaded dataset  3tlqA00.a3m
finished embedding dataset  3tlqA00.a3m
loaded dataset  3amiA02.a3m
finished embedding dataset  3amiA02.a3m
loaded dataset  2ht1A02.a3m
finished embedding dataset  2ht1A02.a3m
loaded dataset  3a9zA01.a3m
finished embedding dataset  3a9zA01.a3m
loaded dataset  2i6hA02.a3m
finished embedding dataset  2i6hA02.a3m
loaded dataset  5nxzA00.a3m
finished embedding dataset  5nxzA00.a3m
loaded dataset  3hrdC02.a3m
finished embedding dataset  3hrdC02.a3m
loaded dataset  3g8qA01.a3m
finished embedding dataset  3g8qA01.a3m
loaded dataset  5r8qA00.a3m
finished embedding dataset  5r8qA00.a3m
loaded dataset  2fnoA02.a3m
finished embedding dataset  2fnoA02.a3m
loaded dataset  4ol9A02.a3m
finished embedding dataset  4ol9A02.a3m
loaded dataset  3q9nD00.a3m
finished embedding dataset  3q9nD00.a3m
loaded dataset  1h8eG02.a3m
finished embedding dataset  1h8eG02.a3m
loaded dataset  3h4sE00.a3m
finished embedding dataset  3h4sE00.a3m
loaded dataset  1bihA04.a3m
finished embedding dataset  1bihA04.a3m
loaded dataset  1kl9A01.a3m
finished embedding dataset  1kl9A01.a3m
loaded dataset  4hlnA01.a3m
finished embedding dataset  4hlnA01.a3m
loaded dataset  2k4zA01.a3m
finished embedding dataset  2k4zA01.a3m
loaded dataset  1ybeB01.a3m
finished embedding dataset  1ybeB01.a3m
loaded dataset  4yb6A03.a3m
finished embedding dataset  4yb6A03.a3m
loaded dataset  6pckA00.a3m
finished embedding dataset  6pckA00.a3m
loaded dataset  4e57A01.a3m
finished embedding dataset  4e57A01.a3m
loaded dataset  6i6rB01.a3m
finished embedding dataset  6i6rB01.a3m
loaded dataset  4bkxA01.a3m
finished embedding dataset  4bkxA01.a3m
loaded dataset  1bplA01.a3m
finished embedding dataset  1bplA01.a3m
loaded dataset  3ayhB01.a3m
finished embedding dataset  3ayhB01.a3m
loaded dataset  2v8qA01.a3m
finished embedding dataset  2v8qA01.a3m
loaded dataset  2d8dB00.a3m
finished embedding dataset  2d8dB00.a3m
loaded dataset  1cukA03.a3m
finished embedding dataset  1cukA03.a3m
loaded dataset  4hn9A01.a3m
finished embedding dataset  4hn9A01.a3m
loaded dataset  3foaB01.a3m
finished embedding dataset  3foaB01.a3m
loaded dataset  5tsxA02.a3m
finished embedding dataset  5tsxA02.a3m
loaded dataset  3twlA02.a3m
finished embedding dataset  3twlA02.a3m
loaded dataset  5w6yA00.a3m
finished embedding dataset  5w6yA00.a3m
loaded dataset  1v85A00.a3m
finished embedding dataset  1v85A00.a3m
loaded dataset  4w9rA02.a3m
finished embedding dataset  4w9rA02.a3m
loaded dataset  2uyoA00.a3m
finished embedding dataset  2uyoA00.a3m
loaded dataset  6mvhA01.a3m
finished embedding dataset  6mvhA01.a3m
loaded dataset  3djlA02.a3m
finished embedding dataset  3djlA02.a3m
loaded dataset  2qpxA00.a3m
finished embedding dataset  2qpxA00.a3m
loaded dataset  2a38B01.a3m
finished embedding dataset  2a38B01.a3m
loaded dataset  3c7aA02.a3m
finished embedding dataset  3c7aA02.a3m
loaded dataset  3gdhA00.a3m
finished embedding dataset  3gdhA00.a3m
loaded dataset  1wm3A00.a3m
finished embedding dataset  1wm3A00.a3m
loaded dataset  4q48A03.a3m
finished embedding dataset  4q48A03.a3m
loaded dataset  4bx8A04.a3m
finished embedding dataset  4bx8A04.a3m
loaded dataset  3o2pE00.a3m
finished embedding dataset  3o2pE00.a3m
loaded dataset  5ijgA01.a3m
finished embedding dataset  5ijgA01.a3m
loaded dataset  5lwxA02.a3m
finished embedding dataset  5lwxA02.a3m
loaded dataset  1ddgA02.a3m
finished embedding dataset  1ddgA02.a3m
loaded dataset  2yd6A02.a3m
finished embedding dataset  2yd6A02.a3m
loaded dataset  1wp9B03.a3m
finished embedding dataset  1wp9B03.a3m
loaded dataset  1ntyA02.a3m
finished embedding dataset  1ntyA02.a3m
loaded dataset  6bweB00.a3m
finished embedding dataset  6bweB00.a3m
loaded dataset  1i3oF00.a3m
finished embedding dataset  1i3oF00.a3m
loaded dataset  5jrtA00.a3m
finished embedding dataset  5jrtA00.a3m
loaded dataset  4ybmA01.a3m
finished embedding dataset  4ybmA01.a3m
loaded dataset  4hy1A01.a3m
finished embedding dataset  4hy1A01.a3m
loaded dataset  4njhA00.a3m
finished embedding dataset  4njhA00.a3m
loaded dataset  2jxgA01.a3m
finished embedding dataset  2jxgA01.a3m
loaded dataset  4xekA00.a3m
finished embedding dataset  4xekA00.a3m
loaded dataset  1ws8A00.a3m
finished embedding dataset  1ws8A00.a3m
loaded dataset  4ipiA01.a3m
finished embedding dataset  4ipiA01.a3m
loaded dataset  2fa8B00.a3m
finished embedding dataset  2fa8B00.a3m
loaded dataset  5za3B00.a3m
finished embedding dataset  5za3B00.a3m
loaded dataset  2zhgA00.a3m
finished embedding dataset  2zhgA00.a3m
loaded dataset  2gkmA00.a3m
finished embedding dataset  2gkmA00.a3m
loaded dataset  4wksC02.a3m
finished embedding dataset  4wksC02.a3m
loaded dataset  2b1xA01.a3m
finished embedding dataset  2b1xA01.a3m
loaded dataset  3b8iC00.a3m
finished embedding dataset  3b8iC00.a3m
loaded dataset  2odyE02.a3m
finished embedding dataset  2odyE02.a3m
loaded dataset  4b1zM01.a3m
finished embedding dataset  4b1zM01.a3m
loaded dataset  4zhbA00.a3m
finished embedding dataset  4zhbA00.a3m
loaded dataset  3njcA00.a3m
finished embedding dataset  3njcA00.a3m
loaded dataset  2crqA01.a3m
finished embedding dataset  2crqA01.a3m
loaded dataset  2dmfA00.a3m
finished embedding dataset  2dmfA00.a3m
loaded dataset  1narA00.a3m
finished embedding dataset  1narA00.a3m
loaded dataset  3clwC01.a3m
finished embedding dataset  3clwC01.a3m
loaded dataset  3m9vA03.a3m
finished embedding dataset  3m9vA03.a3m
loaded dataset  3grlA00.a3m
finished embedding dataset  3grlA00.a3m
loaded dataset  4k28A02.a3m
finished embedding dataset  4k28A02.a3m
loaded dataset  3mybA01.a3m
finished embedding dataset  3mybA01.a3m
loaded dataset  4j6fA02.a3m
finished embedding dataset  4j6fA02.a3m
loaded dataset  1v33A01.a3m
finished embedding dataset  1v33A01.a3m
loaded dataset  1ywkC00.a3m
finished embedding dataset  1ywkC00.a3m
loaded dataset  2guiA00.a3m
finished embedding dataset  2guiA00.a3m
loaded dataset  5a1nA00.a3m
finished embedding dataset  5a1nA00.a3m
loaded dataset  1wr2A01.a3m
finished embedding dataset  1wr2A01.a3m
loaded dataset  3u5nA02.a3m
finished embedding dataset  3u5nA02.a3m
loaded dataset  3phsA01.a3m
finished embedding dataset  3phsA01.a3m
loaded dataset  2jrbA00.a3m
finished embedding dataset  2jrbA00.a3m
loaded dataset  1xq8A00.a3m
finished embedding dataset  1xq8A00.a3m
loaded dataset  3mdnD00.a3m
finished embedding dataset  3mdnD00.a3m
loaded dataset  2g9zB01.a3m
finished embedding dataset  2g9zB01.a3m
loaded dataset  3e03A00.a3m
finished embedding dataset  3e03A00.a3m
loaded dataset  3plnA03.a3m
finished embedding dataset  3plnA03.a3m
loaded dataset  3ec6A00.a3m
finished embedding dataset  3ec6A00.a3m
loaded dataset  2gv8A01.a3m
finished embedding dataset  2gv8A01.a3m
loaded dataset  3k4uE01.a3m
finished embedding dataset  3k4uE01.a3m
loaded dataset  3zmrA01.a3m
finished embedding dataset  3zmrA01.a3m
loaded dataset  3t30C00.a3m
finished embedding dataset  3t30C00.a3m
loaded dataset  4evqA01.a3m
finished embedding dataset  4evqA01.a3m
loaded dataset  1tezA01.a3m
finished embedding dataset  1tezA01.a3m
loaded dataset  3t9oB00.a3m
finished embedding dataset  3t9oB00.a3m
loaded dataset  1ufmA00.a3m
finished embedding dataset  1ufmA00.a3m
loaded dataset  6tbzA00.a3m
finished embedding dataset  6tbzA00.a3m
loaded dataset  5y32B02.a3m
finished embedding dataset  5y32B02.a3m
loaded dataset  6ff2A00.a3m
finished embedding dataset  6ff2A00.a3m
loaded dataset  4wsgA04.a3m
finished embedding dataset  4wsgA04.a3m
loaded dataset  4yrdA01.a3m
finished embedding dataset  4yrdA01.a3m
loaded dataset  1fseB00.a3m
finished embedding dataset  1fseB00.a3m
loaded dataset  3tqeA02.a3m
finished embedding dataset  3tqeA02.a3m
loaded dataset  3qqnA00.a3m
finished embedding dataset  3qqnA00.a3m
loaded dataset  4o6xB00.a3m
finished embedding dataset  4o6xB00.a3m
loaded dataset  2xxpA02.a3m
finished embedding dataset  2xxpA02.a3m
loaded dataset  2obxA00.a3m
finished embedding dataset  2obxA00.a3m
loaded dataset  2ia7A00.a3m
finished embedding dataset  2ia7A00.a3m
loaded dataset  4hcwA01.a3m
finished embedding dataset  4hcwA01.a3m
loaded dataset  3zx1A03.a3m
finished embedding dataset  3zx1A03.a3m
loaded dataset  4xb1A01.a3m
finished embedding dataset  4xb1A01.a3m
loaded dataset  2m6mA00.a3m
finished embedding dataset  2m6mA00.a3m
loaded dataset  3girA04.a3m
finished embedding dataset  3girA04.a3m
loaded dataset  5f2kB02.a3m
finished embedding dataset  5f2kB02.a3m
loaded dataset  5f1sA02.a3m
finished embedding dataset  5f1sA02.a3m
loaded dataset  2cfmA01.a3m
finished embedding dataset  2cfmA01.a3m
loaded dataset  2v5oA05.a3m
finished embedding dataset  2v5oA05.a3m
loaded dataset  6bogA04.a3m
finished embedding dataset  6bogA04.a3m
loaded dataset  3sp1A02.a3m
finished embedding dataset  3sp1A02.a3m
loaded dataset  3dxrB00.a3m
finished embedding dataset  3dxrB00.a3m
loaded dataset  2bm5B00.a3m
finished embedding dataset  2bm5B00.a3m
loaded dataset  3fzvD02.a3m
finished embedding dataset  3fzvD02.a3m
loaded dataset  5fkyA02.a3m
finished embedding dataset  5fkyA02.a3m
loaded dataset  4v02C00.a3m
finished embedding dataset  4v02C00.a3m
loaded dataset  3su0A01.a3m
finished embedding dataset  3su0A01.a3m
loaded dataset  5nzoA00.a3m
finished embedding dataset  5nzoA00.a3m
loaded dataset  3tk2A00.a3m
finished embedding dataset  3tk2A00.a3m
loaded dataset  5ko9A00.a3m
finished embedding dataset  5ko9A00.a3m
loaded dataset  1vwxR01.a3m
finished embedding dataset  1vwxR01.a3m
loaded dataset  5j3uA01.a3m
finished embedding dataset  5j3uA01.a3m
loaded dataset  3a9zA03.a3m
finished embedding dataset  3a9zA03.a3m
loaded dataset  3f8uB02.a3m
finished embedding dataset  3f8uB02.a3m
loaded dataset  1m1sA00.a3m
finished embedding dataset  1m1sA00.a3m
loaded dataset  5hv6B01.a3m
finished embedding dataset  5hv6B01.a3m
loaded dataset  2ww8A04.a3m
finished embedding dataset  2ww8A04.a3m
loaded dataset  1njgB01.a3m
finished embedding dataset  1njgB01.a3m
loaded dataset  1dqgA00.a3m
finished embedding dataset  1dqgA00.a3m
loaded dataset  6qumQ00.a3m
finished embedding dataset  6qumQ00.a3m
loaded dataset  1tvmA01.a3m
finished embedding dataset  1tvmA01.a3m
loaded dataset  4pavB00.a3m
finished embedding dataset  4pavB00.a3m
loaded dataset  2e2dC02.a3m
finished embedding dataset  2e2dC02.a3m
loaded dataset  1xdiA03.a3m
finished embedding dataset  1xdiA03.a3m
loaded dataset  5y32B03.a3m
finished embedding dataset  5y32B03.a3m
loaded dataset  3fsdA00.a3m
finished embedding dataset  3fsdA00.a3m
loaded dataset  2mbyA00.a3m
finished embedding dataset  2mbyA00.a3m
loaded dataset  1rutX01.a3m
finished embedding dataset  1rutX01.a3m
loaded dataset  3u3pA01.a3m
finished embedding dataset  3u3pA01.a3m
loaded dataset  3tpqM02.a3m
finished embedding dataset  3tpqM02.a3m
loaded dataset  1sngA01.a3m
finished embedding dataset  1sngA01.a3m
loaded dataset  3c7xA00.a3m
finished embedding dataset  3c7xA00.a3m
loaded dataset  2np3B02.a3m
finished embedding dataset  2np3B02.a3m
loaded dataset  6guwA00.a3m
finished embedding dataset  6guwA00.a3m
loaded dataset  3fz0D00.a3m
finished embedding dataset  3fz0D00.a3m
loaded dataset  3hblC07.a3m
finished embedding dataset  3hblC07.a3m
loaded dataset  3me4B01.a3m
finished embedding dataset  3me4B01.a3m
loaded dataset  1t7vA01.a3m
finished embedding dataset  1t7vA01.a3m
loaded dataset  4lgyA02.a3m
finished embedding dataset  4lgyA02.a3m
loaded dataset  4yapA01.a3m
finished embedding dataset  4yapA01.a3m
loaded dataset  1hdfA00.a3m
finished embedding dataset  1hdfA00.a3m
loaded dataset  2x3eA02.a3m
finished embedding dataset  2x3eA02.a3m
loaded dataset  2qsfA04.a3m
finished embedding dataset  2qsfA04.a3m
loaded dataset  1zyoA01.a3m
finished embedding dataset  1zyoA01.a3m
loaded dataset  3zfwB00.a3m
finished embedding dataset  3zfwB00.a3m
loaded dataset  1r5lA01.a3m
finished embedding dataset  1r5lA01.a3m
loaded dataset  5kloA02.a3m
finished embedding dataset  5kloA02.a3m
loaded dataset  1o7dD01.a3m
finished embedding dataset  1o7dD01.a3m
loaded dataset  4h7uA02.a3m
finished embedding dataset  4h7uA02.a3m
loaded dataset  4zosB00.a3m
finished embedding dataset  4zosB00.a3m
loaded dataset  2ehzA01.a3m
finished embedding dataset  2ehzA01.a3m
loaded dataset  4c1wA00.a3m
finished embedding dataset  4c1wA00.a3m
loaded dataset  4bvxB02.a3m
finished embedding dataset  4bvxB02.a3m
loaded dataset  1y6dA00.a3m
finished embedding dataset  1y6dA00.a3m
loaded dataset  3gh1A02.a3m
finished embedding dataset  3gh1A02.a3m
loaded dataset  4f02A01.a3m
finished embedding dataset  4f02A01.a3m
loaded dataset  6d2kA01.a3m
finished embedding dataset  6d2kA01.a3m
loaded dataset  3gg2C03.a3m
finished embedding dataset  3gg2C03.a3m
loaded dataset  2q12A00.a3m
finished embedding dataset  2q12A00.a3m
loaded dataset  1tuaA01.a3m
finished embedding dataset  1tuaA01.a3m
loaded dataset  5j8yD00.a3m
finished embedding dataset  5j8yD00.a3m
loaded dataset  6bcbA00.a3m
finished embedding dataset  6bcbA00.a3m
loaded dataset  1ayeA01.a3m
finished embedding dataset  1ayeA01.a3m
loaded dataset  2lm4A01.a3m
finished embedding dataset  2lm4A01.a3m
loaded dataset  2g1eA00.a3m
finished embedding dataset  2g1eA00.a3m
loaded dataset  4r2fA02.a3m
finished embedding dataset  4r2fA02.a3m
loaded dataset  2j66A01.a3m
finished embedding dataset  2j66A01.a3m
loaded dataset  2nv0A00.a3m
finished embedding dataset  2nv0A00.a3m
loaded dataset  3osnA03.a3m
finished embedding dataset  3osnA03.a3m
loaded dataset  4eebA01.a3m
finished embedding dataset  4eebA01.a3m
loaded dataset  4f4cA01.a3m
finished embedding dataset  4f4cA01.a3m
loaded dataset  2q09A01.a3m
finished embedding dataset  2q09A01.a3m
loaded dataset  3le2A02.a3m
finished embedding dataset  3le2A02.a3m
loaded dataset  3b73B00.a3m
finished embedding dataset  3b73B00.a3m
loaded dataset  2vsqA02.a3m
finished embedding dataset  2vsqA02.a3m
loaded dataset  2fctB00.a3m
finished embedding dataset  2fctB00.a3m
loaded dataset  1yeyD02.a3m
finished embedding dataset  1yeyD02.a3m
loaded dataset  1m5yA01.a3m
finished embedding dataset  1m5yA01.a3m
loaded dataset  4jzuA00.a3m
finished embedding dataset  4jzuA00.a3m
loaded dataset  5kj4C02.a3m
finished embedding dataset  5kj4C02.a3m
loaded dataset  4my0A02.a3m
finished embedding dataset  4my0A02.a3m
loaded dataset  2l92A01.a3m
finished embedding dataset  2l92A01.a3m
loaded dataset  4dg8A01.a3m
finished embedding dataset  4dg8A01.a3m
loaded dataset  2uxwA03.a3m
finished embedding dataset  2uxwA03.a3m
loaded dataset  2jnfA01.a3m
finished embedding dataset  2jnfA01.a3m
loaded dataset  5zw7A03.a3m
finished embedding dataset  5zw7A03.a3m
loaded dataset  4l8jA03.a3m
finished embedding dataset  4l8jA03.a3m
loaded dataset  2vtfA02.a3m
finished embedding dataset  2vtfA02.a3m
loaded dataset  4hw0C00.a3m
finished embedding dataset  4hw0C00.a3m
loaded dataset  3zheB02.a3m
finished embedding dataset  3zheB02.a3m
loaded dataset  3cymA03.a3m
finished embedding dataset  3cymA03.a3m
loaded dataset  5w95B00.a3m
finished embedding dataset  5w95B00.a3m
loaded dataset  1p3nA00.a3m
finished embedding dataset  1p3nA00.a3m
loaded dataset  2c0zA01.a3m
finished embedding dataset  2c0zA01.a3m
loaded dataset  2h3gX02.a3m
finished embedding dataset  2h3gX02.a3m
loaded dataset  1iz0A02.a3m
finished embedding dataset  1iz0A02.a3m
loaded dataset  6fyqA01.a3m
finished embedding dataset  6fyqA01.a3m
loaded dataset  5wm2A02.a3m
finished embedding dataset  5wm2A02.a3m
loaded dataset  4rg6A02.a3m
finished embedding dataset  4rg6A02.a3m
loaded dataset  2a6pA00.a3m
finished embedding dataset  2a6pA00.a3m
loaded dataset  4qiqA00.a3m
finished embedding dataset  4qiqA00.a3m
loaded dataset  4kzsA03.a3m
finished embedding dataset  4kzsA03.a3m
loaded dataset  4e8dA03.a3m
finished embedding dataset  4e8dA03.a3m
loaded dataset  1vw4Z00.a3m
finished embedding dataset  1vw4Z00.a3m
loaded dataset  3r4vA01.a3m
finished embedding dataset  3r4vA01.a3m
loaded dataset  1yw4B00.a3m
finished embedding dataset  1yw4B00.a3m
loaded dataset  2oycA02.a3m
finished embedding dataset  2oycA02.a3m
loaded dataset  4v0iA01.a3m
finished embedding dataset  4v0iA01.a3m
loaded dataset  2im9A01.a3m
finished embedding dataset  2im9A01.a3m
loaded dataset  3qllA00.a3m
finished embedding dataset  3qllA00.a3m
loaded dataset  4ql0A02.a3m
finished embedding dataset  4ql0A02.a3m
loaded dataset  2zj8A01.a3m
finished embedding dataset  2zj8A01.a3m
loaded dataset  4lizA00.a3m
finished embedding dataset  4lizA00.a3m
loaded dataset  3qqaA01.a3m
finished embedding dataset  3qqaA01.a3m
loaded dataset  4jutE00.a3m
finished embedding dataset  4jutE00.a3m
loaded dataset  1vavA00.a3m
finished embedding dataset  1vavA00.a3m
loaded dataset  1q7fB00.a3m
finished embedding dataset  1q7fB00.a3m
loaded dataset  1dd9A01.a3m
finished embedding dataset  1dd9A01.a3m
loaded dataset  1d2zA00.a3m
finished embedding dataset  1d2zA00.a3m
loaded dataset  2z0qA02.a3m
finished embedding dataset  2z0qA02.a3m
loaded dataset  1vjxA00.a3m
finished embedding dataset  1vjxA00.a3m
loaded dataset  2in5A00.a3m
finished embedding dataset  2in5A00.a3m
loaded dataset  2vqrA01.a3m
finished embedding dataset  2vqrA01.a3m
loaded dataset  4kl5B00.a3m
finished embedding dataset  4kl5B00.a3m
loaded dataset  5l3sA02.a3m
finished embedding dataset  5l3sA02.a3m
loaded dataset  1co4A00.a3m
finished embedding dataset  1co4A00.a3m
loaded dataset  2m67A00.a3m
finished embedding dataset  2m67A00.a3m
loaded dataset  3owaA01.a3m
finished embedding dataset  3owaA01.a3m
loaded dataset  6vg3A01.a3m
finished embedding dataset  6vg3A01.a3m
loaded dataset  5l9iB01.a3m
finished embedding dataset  5l9iB01.a3m
loaded dataset  3cjhI00.a3m
finished embedding dataset  3cjhI00.a3m
loaded dataset  4n49A00.a3m
finished embedding dataset  4n49A00.a3m
loaded dataset  3i83A01.a3m
finished embedding dataset  3i83A01.a3m
loaded dataset  6p0cA01.a3m
finished embedding dataset  6p0cA01.a3m
loaded dataset  1uklC00.a3m
finished embedding dataset  1uklC00.a3m
loaded dataset  4h0oA01.a3m
finished embedding dataset  4h0oA01.a3m
loaded dataset  2i9dA00.a3m
finished embedding dataset  2i9dA00.a3m
loaded dataset  3e2oA01.a3m
finished embedding dataset  3e2oA01.a3m
loaded dataset  5ywtA01.a3m
finished embedding dataset  5ywtA01.a3m
loaded dataset  1dbhA02.a3m
finished embedding dataset  1dbhA02.a3m
loaded dataset  4ga6A02.a3m
finished embedding dataset  4ga6A02.a3m
loaded dataset  3qiiA00.a3m
finished embedding dataset  3qiiA00.a3m
loaded dataset  1z2qA00.a3m
finished embedding dataset  1z2qA00.a3m
loaded dataset  4od6A00.a3m
finished embedding dataset  4od6A00.a3m
loaded dataset  3ulkA01.a3m
finished embedding dataset  3ulkA01.a3m
loaded dataset  2bfdA00.a3m
finished embedding dataset  2bfdA00.a3m
loaded dataset  2vooB01.a3m
finished embedding dataset  2vooB01.a3m
loaded dataset  4u04B01.a3m
finished embedding dataset  4u04B01.a3m
loaded dataset  1zcbA02.a3m
finished embedding dataset  1zcbA02.a3m
loaded dataset  3ce9A01.a3m
finished embedding dataset  3ce9A01.a3m
loaded dataset  3ndcA02.a3m
finished embedding dataset  3ndcA02.a3m
loaded dataset  5u0iB00.a3m
finished embedding dataset  5u0iB00.a3m
loaded dataset  2c5lC01.a3m
finished embedding dataset  2c5lC01.a3m
loaded dataset  1p3dA03.a3m
finished embedding dataset  1p3dA03.a3m
loaded dataset  4yzrA00.a3m
finished embedding dataset  4yzrA00.a3m
loaded dataset  3b40A01.a3m
finished embedding dataset  3b40A01.a3m
loaded dataset  5aykA04.a3m
finished embedding dataset  5aykA04.a3m
loaded dataset  5cyvA00.a3m
finished embedding dataset  5cyvA00.a3m
loaded dataset  3qwuA02.a3m
finished embedding dataset  3qwuA02.a3m
loaded dataset  3l8aA02.a3m
finished embedding dataset  3l8aA02.a3m
loaded dataset  1p3cA01.a3m
finished embedding dataset  1p3cA01.a3m
loaded dataset  3zs6A03.a3m
finished embedding dataset  3zs6A03.a3m
loaded dataset  4m1bA00.a3m
finished embedding dataset  4m1bA00.a3m
loaded dataset  3wfjH01.a3m
finished embedding dataset  3wfjH01.a3m
loaded dataset  4h2wA00.a3m
finished embedding dataset  4h2wA00.a3m
loaded dataset  4ijjB00.a3m
finished embedding dataset  4ijjB00.a3m
loaded dataset  3ppbA00.a3m
finished embedding dataset  3ppbA00.a3m
loaded dataset  2e1mB01.a3m
finished embedding dataset  2e1mB01.a3m
loaded dataset  3mzlB03.a3m
finished embedding dataset  3mzlB03.a3m
loaded dataset  6wupA01.a3m
finished embedding dataset  6wupA01.a3m
loaded dataset  3f5dA00.a3m
finished embedding dataset  3f5dA00.a3m
loaded dataset  3q2oA02.a3m
finished embedding dataset  3q2oA02.a3m
loaded dataset  5fm5P00.a3m
finished embedding dataset  5fm5P00.a3m
loaded dataset  3o2uA01.a3m
finished embedding dataset  3o2uA01.a3m
loaded dataset  1vrbD01.a3m
finished embedding dataset  1vrbD01.a3m
loaded dataset  2wbtB02.a3m
finished embedding dataset  2wbtB02.a3m
loaded dataset  1xd3C00.a3m
finished embedding dataset  1xd3C00.a3m
loaded dataset  4lq4A01.a3m
finished embedding dataset  4lq4A01.a3m
loaded dataset  1g60B00.a3m
finished embedding dataset  1g60B00.a3m
loaded dataset  3smzA01.a3m
finished embedding dataset  3smzA01.a3m
loaded dataset  5d18A00.a3m
finished embedding dataset  5d18A00.a3m
loaded dataset  3v9wB00.a3m
finished embedding dataset  3v9wB00.a3m
loaded dataset  4mhgA01.a3m
finished embedding dataset  4mhgA01.a3m
loaded dataset  2gncA00.a3m
finished embedding dataset  2gncA00.a3m
loaded dataset  4zj9A00.a3m
finished embedding dataset  4zj9A00.a3m
loaded dataset  3vpzA01.a3m
finished embedding dataset  3vpzA01.a3m
loaded dataset  6jh7B00.a3m
finished embedding dataset  6jh7B00.a3m
loaded dataset  2qxfA01.a3m
finished embedding dataset  2qxfA01.a3m
loaded dataset  2r6vA01.a3m
finished embedding dataset  2r6vA01.a3m
loaded dataset  3nojA01.a3m
finished embedding dataset  3nojA01.a3m
loaded dataset  2g84A01.a3m
finished embedding dataset  2g84A01.a3m
loaded dataset  2ogwA01.a3m
finished embedding dataset  2ogwA01.a3m
loaded dataset  2ff4A02.a3m
finished embedding dataset  2ff4A02.a3m
loaded dataset  1f0cA01.a3m
finished embedding dataset  1f0cA01.a3m
loaded dataset  4a7kA03.a3m
finished embedding dataset  4a7kA03.a3m
loaded dataset  6pjjC01.a3m
finished embedding dataset  6pjjC01.a3m
loaded dataset  4up3A02.a3m
finished embedding dataset  4up3A02.a3m
loaded dataset  4odkA00.a3m
finished embedding dataset  4odkA00.a3m
loaded dataset  1wdnA01.a3m
finished embedding dataset  1wdnA01.a3m
loaded dataset  1m2tA01.a3m
finished embedding dataset  1m2tA01.a3m
loaded dataset  3ljbA00.a3m
finished embedding dataset  3ljbA00.a3m
loaded dataset  3u9lA00.a3m
finished embedding dataset  3u9lA00.a3m
loaded dataset  2m7zA00.a3m
finished embedding dataset  2m7zA00.a3m
loaded dataset  3bp3A00.a3m
finished embedding dataset  3bp3A00.a3m
loaded dataset  4w7zC00.a3m
finished embedding dataset  4w7zC00.a3m
loaded dataset  3t5tA02.a3m
finished embedding dataset  3t5tA02.a3m
loaded dataset  1xaiA02.a3m
finished embedding dataset  1xaiA02.a3m
loaded dataset  1wjsA00.a3m
finished embedding dataset  1wjsA00.a3m
loaded dataset  2i4aA00.a3m
finished embedding dataset  2i4aA00.a3m
loaded dataset  6hwrA01.a3m
finished embedding dataset  6hwrA01.a3m
loaded dataset  3p8nA01.a3m
finished embedding dataset  3p8nA01.a3m
loaded dataset  3wndA01.a3m
finished embedding dataset  3wndA01.a3m
loaded dataset  3cnxA00.a3m
finished embedding dataset  3cnxA00.a3m
loaded dataset  2hjiA00.a3m
finished embedding dataset  2hjiA00.a3m
loaded dataset  1w0mA00.a3m
finished embedding dataset  1w0mA00.a3m
loaded dataset  6jdhA01.a3m
finished embedding dataset  6jdhA01.a3m
loaded dataset  3psfA04.a3m
finished embedding dataset  3psfA04.a3m
loaded dataset  5j4lA00.a3m
finished embedding dataset  5j4lA00.a3m
loaded dataset  3hzrA01.a3m
finished embedding dataset  3hzrA01.a3m
loaded dataset  3vxcA02.a3m
finished embedding dataset  3vxcA02.a3m
loaded dataset  2ogkD00.a3m
finished embedding dataset  2ogkD00.a3m
loaded dataset  2g2sA00.a3m
finished embedding dataset  2g2sA00.a3m
loaded dataset  3h4xA00.a3m
finished embedding dataset  3h4xA00.a3m
loaded dataset  1ig0A02.a3m
finished embedding dataset  1ig0A02.a3m
loaded dataset  4dx5A04.a3m
finished embedding dataset  4dx5A04.a3m
loaded dataset  1qx2A00.a3m
finished embedding dataset  1qx2A00.a3m
loaded dataset  1jw9B00.a3m
finished embedding dataset  1jw9B00.a3m
loaded dataset  2bnmA02.a3m
finished embedding dataset  2bnmA02.a3m
loaded dataset  1x3aA00.a3m
finished embedding dataset  1x3aA00.a3m
loaded dataset  5yc3A00.a3m
finished embedding dataset  5yc3A00.a3m
loaded dataset  2vuvA00.a3m
finished embedding dataset  2vuvA00.a3m
loaded dataset  2pkeA01.a3m
finished embedding dataset  2pkeA01.a3m
loaded dataset  3hupA00.a3m
finished embedding dataset  3hupA00.a3m
loaded dataset  4d8oA02.a3m
finished embedding dataset  4d8oA02.a3m
loaded dataset  5e1vB00.a3m
finished embedding dataset  5e1vB00.a3m
loaded dataset  6ibeA02.a3m
finished embedding dataset  6ibeA02.a3m
loaded dataset  1lwcA05.a3m
finished embedding dataset  1lwcA05.a3m
loaded dataset  2bm0A03.a3m
finished embedding dataset  2bm0A03.a3m
loaded dataset  2qkvA00.a3m
finished embedding dataset  2qkvA00.a3m
loaded dataset  3pltA00.a3m
finished embedding dataset  3pltA00.a3m
loaded dataset  3dmlA00.a3m
finished embedding dataset  3dmlA00.a3m
loaded dataset  3d7aA01.a3m
finished embedding dataset  3d7aA01.a3m
loaded dataset  3cokA02.a3m
finished embedding dataset  3cokA02.a3m
loaded dataset  1wosA03.a3m
finished embedding dataset  1wosA03.a3m
loaded dataset  4u63A02.a3m
finished embedding dataset  4u63A02.a3m
loaded dataset  3ju3A00.a3m
finished embedding dataset  3ju3A00.a3m
loaded dataset  2vifA01.a3m
finished embedding dataset  2vifA01.a3m
loaded dataset  2drpA02.a3m
finished embedding dataset  2drpA02.a3m
loaded dataset  2a2lC00.a3m
finished embedding dataset  2a2lC00.a3m
loaded dataset  5e75A00.a3m
finished embedding dataset  5e75A00.a3m
loaded dataset  5eq7A01.a3m
finished embedding dataset  5eq7A01.a3m
loaded dataset  2lrqA00.a3m
finished embedding dataset  2lrqA00.a3m
loaded dataset  3pmoA03.a3m
finished embedding dataset  3pmoA03.a3m
loaded dataset  3b5nE00.a3m
finished embedding dataset  3b5nE00.a3m
loaded dataset  2jbvA02.a3m
finished embedding dataset  2jbvA02.a3m
loaded dataset  1p7nA00.a3m
finished embedding dataset  1p7nA00.a3m
loaded dataset  3qz4A00.a3m
finished embedding dataset  3qz4A00.a3m
loaded dataset  3i5qA01.a3m
finished embedding dataset  3i5qA01.a3m
loaded dataset  1wxxA02.a3m
finished embedding dataset  1wxxA02.a3m
loaded dataset  1yb2A00.a3m
finished embedding dataset  1yb2A00.a3m
loaded dataset  3otnA00.a3m
finished embedding dataset  3otnA00.a3m
loaded dataset  2o9sA00.a3m
finished embedding dataset  2o9sA00.a3m
loaded dataset  2bbrA02.a3m
finished embedding dataset  2bbrA02.a3m
loaded dataset  6c1zA00.a3m
finished embedding dataset  6c1zA00.a3m
loaded dataset  2bapA02.a3m
finished embedding dataset  2bapA02.a3m
loaded dataset  1qp8A01.a3m
finished embedding dataset  1qp8A01.a3m
loaded dataset  5i0qB01.a3m
finished embedding dataset  5i0qB01.a3m
loaded dataset  1gkmA01.a3m
finished embedding dataset  1gkmA01.a3m
loaded dataset  2yvkA01.a3m
finished embedding dataset  2yvkA01.a3m
loaded dataset  5gz3A01.a3m
finished embedding dataset  5gz3A01.a3m
loaded dataset  4pioB01.a3m
finished embedding dataset  4pioB01.a3m
loaded dataset  2ef0A01.a3m
finished embedding dataset  2ef0A01.a3m
loaded dataset  3kkiA02.a3m
finished embedding dataset  3kkiA02.a3m
loaded dataset  3vasA01.a3m
finished embedding dataset  3vasA01.a3m
loaded dataset  4lttA00.a3m
finished embedding dataset  4lttA00.a3m
loaded dataset  1ovaB02.a3m
finished embedding dataset  1ovaB02.a3m
loaded dataset  1m22A00.a3m
finished embedding dataset  1m22A00.a3m
loaded dataset  1um9A00.a3m
finished embedding dataset  1um9A00.a3m
loaded dataset  2uz1A01.a3m
finished embedding dataset  2uz1A01.a3m
loaded dataset  5efzC00.a3m
finished embedding dataset  5efzC00.a3m
loaded dataset  3zx3A02.a3m
finished embedding dataset  3zx3A02.a3m
loaded dataset  2cpgB00.a3m
finished embedding dataset  2cpgB00.a3m
loaded dataset  4r8zA00.a3m
finished embedding dataset  4r8zA00.a3m
loaded dataset  1kzqA02.a3m
finished embedding dataset  1kzqA02.a3m
loaded dataset  3cgbA02.a3m
finished embedding dataset  3cgbA02.a3m
loaded dataset  5mmjh01.a3m
finished embedding dataset  5mmjh01.a3m
loaded dataset  1ohgA02.a3m
finished embedding dataset  1ohgA02.a3m
loaded dataset  3gpuA02.a3m
finished embedding dataset  3gpuA02.a3m
loaded dataset  5xw2A00.a3m
finished embedding dataset  5xw2A00.a3m
loaded dataset  5j4uA01.a3m
finished embedding dataset  5j4uA01.a3m
loaded dataset  1rmjA01.a3m
finished embedding dataset  1rmjA01.a3m
loaded dataset  2obnD01.a3m
finished embedding dataset  2obnD01.a3m
loaded dataset  3f1sB02.a3m
finished embedding dataset  3f1sB02.a3m
loaded dataset  4ga4A02.a3m
finished embedding dataset  4ga4A02.a3m
loaded dataset  4l6wA01.a3m
finished embedding dataset  4l6wA01.a3m
loaded dataset  1z0sA02.a3m
finished embedding dataset  1z0sA02.a3m
loaded dataset  1l3kA02.a3m
finished embedding dataset  1l3kA02.a3m
loaded dataset  3c1mA01.a3m
finished embedding dataset  3c1mA01.a3m
loaded dataset  2c8sA00.a3m
finished embedding dataset  2c8sA00.a3m
loaded dataset  3u4kA00.a3m
finished embedding dataset  3u4kA00.a3m
loaded dataset  3kptB01.a3m
finished embedding dataset  3kptB01.a3m
loaded dataset  2ov9C01.a3m
finished embedding dataset  2ov9C01.a3m
loaded dataset  5eljA00.a3m
finished embedding dataset  5eljA00.a3m
loaded dataset  1sbqA00.a3m
finished embedding dataset  1sbqA00.a3m
loaded dataset  3ehhA01.a3m
finished embedding dataset  3ehhA01.a3m
loaded dataset  1f6kC00.a3m
finished embedding dataset  1f6kC00.a3m
loaded dataset  2wz9A00.a3m
finished embedding dataset  2wz9A00.a3m
loaded dataset  2zktB01.a3m
finished embedding dataset  2zktB01.a3m
loaded dataset  2qpvA00.a3m
finished embedding dataset  2qpvA00.a3m
loaded dataset  2eabB03.a3m
finished embedding dataset  2eabB03.a3m
loaded dataset  6vfrA01.a3m
finished embedding dataset  6vfrA01.a3m
loaded dataset  4adyA02.a3m
finished embedding dataset  4adyA02.a3m
loaded dataset  1ii5A02.a3m
finished embedding dataset  1ii5A02.a3m
loaded dataset  1ffyA03.a3m
finished embedding dataset  1ffyA03.a3m
loaded dataset  2l9nA01.a3m
finished embedding dataset  2l9nA01.a3m
loaded dataset  3gqcD02.a3m
finished embedding dataset  3gqcD02.a3m
loaded dataset  4oxiA01.a3m
finished embedding dataset  4oxiA01.a3m
loaded dataset  5ygbA01.a3m
finished embedding dataset  5ygbA01.a3m
loaded dataset  2czlA02.a3m
finished embedding dataset  2czlA02.a3m
loaded dataset  3wqlA01.a3m
finished embedding dataset  3wqlA01.a3m
loaded dataset  6bx7A02.a3m
finished embedding dataset  6bx7A02.a3m
loaded dataset  3kp8A00.a3m
finished embedding dataset  3kp8A00.a3m
loaded dataset  1ywfA00.a3m
finished embedding dataset  1ywfA00.a3m
loaded dataset  4n6cB00.a3m
finished embedding dataset  4n6cB00.a3m
loaded dataset  2x8kA03.a3m
finished embedding dataset  2x8kA03.a3m
loaded dataset  4kqcA02.a3m
finished embedding dataset  4kqcA02.a3m
loaded dataset  5zctA01.a3m
finished embedding dataset  5zctA01.a3m
loaded dataset  1xdpA04.a3m
finished embedding dataset  1xdpA04.a3m
loaded dataset  3outA01.a3m
finished embedding dataset  3outA01.a3m
loaded dataset  5cfcA00.a3m
finished embedding dataset  5cfcA00.a3m
loaded dataset  4kjmA02.a3m
finished embedding dataset  4kjmA02.a3m
loaded dataset  3h0dA01.a3m
finished embedding dataset  3h0dA01.a3m
loaded dataset  4zglD00.a3m
finished embedding dataset  4zglD00.a3m
loaded dataset  5xnsC00.a3m
finished embedding dataset  5xnsC00.a3m
loaded dataset  6em3Y00.a3m
finished embedding dataset  6em3Y00.a3m
