1a04A01.a3m 241 256
1a0iA03.a3m 0 89
1a79A02.a3m 3 256
1a9xA03.a3m 64 256
1aipE03.a3m 163 256
1aorA03.a3m 87 256
1aq5A00.a3m 153 256
1bhaA00.a3m 252 256
1bl0A02.a3m 255 256
1bx7A00.a3m 3 256
1c3cA02.a3m 61 256
1c4kA01.a3m 2 256
1ciyA02.a3m 1 256
1cqxA03.a3m 256 256
1cwvA05.a3m 8 256
1cyoA00.a3m 156 256
1d2mA01.a3m 215 256
1d4vA02.a3m 1 256
1dceA02.a3m 0 153
1dp7P00.a3m 2 256
1e1hB01.a3m 0 34
1e3mB03.a3m 0 256
1ea9C04.a3m 188 256
1eb6A00.a3m 130 256
1ehxA00.a3m 18 256
1eqgA01.a3m 58 256
1f0lA01.a3m 0 21
1f0lA03.a3m 23 256
1f5nA01.a3m 114 256
1f7cA00.a3m 256 256
1fi5A00.a3m 249 256
1fp2A01.a3m 0 256
1fviA03.a3m 1 256
1g2hA00.a3m 244 256
1g4iA00.a3m 24 256
1g6uA00.a3m 25 256
1gjwA02.a3m 1 26
1gklA00.a3m 256 256
1gkpB02.a3m 62 256
1gkuB08.a3m 1 256
1gmnB01.a3m 1 1
1gsoA03.a3m 255 256
1gudA01.a3m 158 256
1gxeA00.a3m 171 256
1gyoA00.a3m 255 256
1h1lD03.a3m 8 256
1h1oA01.a3m 256 256
1h4aX01.a3m 12 256
1h6gA01.a3m 6 256
1h6wA01.a3m 109 256
1h6wA02.a3m 231 256
1h97A00.a3m 24 256
1heiA03.a3m 54 256
1hf2C02.a3m 138 256
1hg8A00.a3m 256 256
1hxmA01.a3m 7 256
1hzhH01.a3m 252 256
1i1wA00.a3m 252 256
1i7dA04.a3m 142 256
1i8dC02.a3m 55 256
1igdA00.a3m 11 256
1io1A02.a3m 71 256
1jfuA00.a3m 256 256
1jq4A00.a3m 36 256
1k04A01.a3m 2 256
1k3iA01.a3m 70 256
1k3iA02.a3m 209 256
1k3rA01.a3m 3 256
1k8kA03.a3m 254 256
1k8kC00.a3m 251 256
1kaeA01.a3m 194 256
1kaeA03.a3m 6 256
1kfiA04.a3m 1 256
1kfwA02.a3m 45 256
1kobA02.a3m 246 256
1koyA00.a3m 2 256
1krhA03.a3m 154 256
1l4sA01.a3m 75 256
1l8rB00.a3m 1 256
1lbuA01.a3m 245 256
1lc5A01.a3m 9 256
1lf6A01.a3m 8 256
1llmD02.a3m 256 256
1lvbA01.a3m 1 256
1lwjA01.a3m 255 256
1m4jA00.a3m 7 256
1m9sA04.a3m 248 256
1mnmC00.a3m 205 256
1mqsA03.a3m 25 256
1mw9X03.a3m 3 256
1mxgA02.a3m 114 256
1mzpA02.a3m 120 256
1n1iC02.a3m 215 256
1n3kA00.a3m 51 256
1n7dA02.a3m 255 256
1nb0A00.a3m 20 256
1ncsA00.a3m 232 256
1neuA00.a3m 5 256
1nh2B00.a3m 47 256
1nh2C00.a3m 12 256
1npiA00.a3m 59 256
1o2dA02.a3m 57 256
1o6wA01.a3m 177 256
1o97D01.a3m 251 256
1oahA02.a3m 144 256
1oaoC02.a3m 142 256
1ok0A00.a3m 0 256
1okiA01.a3m 49 256
1omoA01.a3m 115 256
1osyB00.a3m 26 140
1p9hA00.a3m 248 256
1pb7A02.a3m 225 256
1pe4A00.a3m 1 256
1pgjA02.a3m 256 256
1phkA01.a3m 192 256
1pkyC03.a3m 40 256
1pn0A03.a3m 16 256
1pnbB00.a3m 1 256
1potA02.a3m 153 256
1ptfA00.a3m 174 256
1q72H02.a3m 5 256
1q7eA01.a3m 235 256
1qamA01.a3m 256 256
1qw2A00.a3m 0 256
1qx8A00.a3m 6 256
1r6vA01.a3m 38 256
1rduA00.a3m 199 256
1rk6A01.a3m 0 256
1rqgA04.a3m 167 256
1rr8C04.a3m 11 256
1rsgA02.a3m 17 256
1rt8A04.a3m 234 256
1rwhA02.a3m 1 256
1rxwA01.a3m 139 256
1ry6A00.a3m 256 256
1s29A00.a3m 0 256
1s2oA01.a3m 26 256
1sazA02.a3m 118 256
1sesA01.a3m 253 256
1so7A00.a3m 99 256
1sqgA01.a3m 235 256
1swvA01.a3m 196 256
1sy7A03.a3m 0 256
1t0fA01.a3m 122 256
1t0iA00.a3m 256 256
1t23A00.a3m 124 256
1td4A00.a3m 14 256
1tdqA02.a3m 46 256
1tplA01.a3m 1 256
1tr8A02.a3m 167 256
1tsjA00.a3m 253 256
1tu5A01.a3m 122 256
1ty0B01.a3m 2 256
1tzyE00.a3m 250 256
1u2zA01.a3m 3 256
1u7pD00.a3m 255 256
1um9A00.a3m 249 256
1useA00.a3m 142 256
1uurA03.a3m 0 34
1v05A00.a3m 169 256
1v4rA01.a3m 255 256
1v6pA00.a3m 6 256
1v92A00.a3m 174 256
1vg0A01.a3m 21 256
1vi6C01.a3m 241 256
1vjxA00.a3m 125 256
1vlpD00.a3m 29 256
1vlyA01.a3m 8 256
1vomA01.a3m 256 256
1vprA03.a3m 14 34
1vq3B00.a3m 7 256
1vr9A01.a3m 256 256
1vs0A02.a3m 41 256
1vs5U01.a3m 256 256
1vx7V01.a3m 91 256
1w2tA01.a3m 256 256
1w7cA02.a3m 4 256
1w8oA03.a3m 101 256
1w99A02.a3m 34 256
1wfjA01.a3m 92 256
1wgsA00.a3m 27 256
1wkrA01.a3m 246 256
1wlyA02.a3m 217 256
1wq6A00.a3m 2 256
1wwjA00.a3m 255 256
1wwmA00.a3m 152 256
1x0tA02.a3m 239 256
1x4gA00.a3m 233 256
1x4lA00.a3m 256 256
1xdwA02.a3m 256 256
1xhcA02.a3m 253 256
1y0pA03.a3m 14 256
1yb5A01.a3m 12 256
1yc9A02.a3m 0 256
1yhpA01.a3m 224 256
1yloE02.a3m 6 256
1yrtA01.a3m 2 256
1yt3A01.a3m 116 256
1yzbA01.a3m 0 256
1z3iX01.a3m 256 256
1za0A00.a3m 111 256
1zb1A00.a3m 4 256
1zeeA01.a3m 5 123
1zi7A02.a3m 30 256
1zkhA00.a3m 7 256
1zldA00.a3m 0 6
1zq9A02.a3m 45 256
1zr6A01.a3m 245 256
1zr6A02.a3m 55 256
1ztmB04.a3m 4 44
1zxfA00.a3m 4 256
1zylA03.a3m 147 256
2a6cA00.a3m 232 256
2a6hF03.a3m 200 256
2an1D01.a3m 254 256
2an7A00.a3m 105 256
2aprA02.a3m 20 256
2atpD00.a3m 1 256
2b3wA00.a3m 15 256
2b4lA01.a3m 162 256
2b8mA00.a3m 24 256
2b9dA01.a3m 0 256
2bc4A02.a3m 151 256
2bcqA04.a3m 15 256
2bhvA02.a3m 32 40
2bivC02.a3m 58 256
2bo9B02.a3m 7 256
2bsjA00.a3m 0 256
2bt6B00.a3m 219 256
2c4xA02.a3m 244 256
2cjaA02.a3m 211 256
2cq8A01.a3m 28 256
2cs7A00.a3m 4 256
2cspA01.a3m 191 256
2cw8A03.a3m 223 256
2czlA02.a3m 0 256
2d0oA01.a3m 38 256
2d5bA02.a3m 255 256
2d73A01.a3m 29 256
2d8cA01.a3m 248 256
2d96A01.a3m 1 256
2daxA01.a3m 1 256
2dg1C00.a3m 239 256
2dltA00.a3m 14 256
2e2eA01.a3m 149 256
2e5aA01.a3m 189 256
2ebzA01.a3m 34 256
2ee7A01.a3m 21 256
2elcA02.a3m 42 256
2f21A01.a3m 256 256
2f2hA04.a3m 13 256
2f48A03.a3m 13 256
2f4mB00.a3m 256 256
2f5zK00.a3m 253 256
2fd6A01.a3m 16 256
2fgcA03.a3m 230 256
2fibA02.a3m 256 256
2gaiA03.a3m 2 256
2gauA01.a3m 219 256
2gbjB00.a3m 188 256
2giyB00.a3m 3 167
2gpjA02.a3m 7 256
2gskA02.a3m 251 256
2gutA00.a3m 12 256
2gviA02.a3m 0 256
2h1yB01.a3m 256 256
2h62C00.a3m 50 256
2h7bA01.a3m 256 256
2h88C01.a3m 22 256
2h8pD00.a3m 167 256
2h9aA02.a3m 0 256
2h9gS00.a3m 254 256
2haxA02.a3m 208 256
2hcfA02.a3m 51 256
2hf9A00.a3m 256 256
2i53A01.a3m 255 256
2ia0B02.a3m 0 67
2iayA00.a3m 1 256
2imlA02.a3m 0 256
2ip2A02.a3m 175 256
2irfG00.a3m 218 256
2j4jF00.a3m 249 256
2ja2A01.a3m 256 256
2jchA01.a3m 8 256
2jgsB00.a3m 4 256
2k4rA00.a3m 256 256
2k5qA00.a3m 177 256
2k6xA00.a3m 247 256
2kdxA00.a3m 233 256
2kebA00.a3m 0 256
2kewA00.a3m 199 256
2khxA00.a3m 251 256
2kjyA00.a3m 230 256
2kjzA02.a3m 255 256
2ks1B01.a3m 0 39
2ksgA01.a3m 36 66
2ktyA01.a3m 40 256
2kw3C00.a3m 160 209
2l35A00.a3m 110 256
2lf0A01.a3m 80 138
2ll0A00.a3m 232 256
2lndA00.a3m 1 52
2loqA01.a3m 256 256
2lqlA02.a3m 2 256
2lrtA00.a3m 255 256
2lrwA00.a3m 253 256
2lsnA00.a3m 256 256
2lt4A00.a3m 0 256
2luyA01.a3m 41 175
2m47A00.a3m 7 256
2mheA00.a3m 0 256
2mzrA00.a3m 31 256
2n1kA00.a3m 209 256
2nn6I02.a3m 30 256
2npsD00.a3m 7 256
2nycA00.a3m 84 256
2o20A02.a3m 140 256
2o20B01.a3m 119 256
2o3oB01.a3m 1 256
2o7tA00.a3m 215 256
2ocyA00.a3m 255 256
2ojhA00.a3m 251 256
2olgA02.a3m 256 256
2oq2D00.a3m 163 256
2ortA03.a3m 53 256
2osaA00.a3m 124 256
2ouwB00.a3m 182 256
2oy7A03.a3m 61 178
2p3nA02.a3m 3 256
2p8tA02.a3m 5 256
2pa7A00.a3m 249 256
2pgwA02.a3m 240 256
2phcB01.a3m 88 256
2phnA02.a3m 1 256
2pjpA01.a3m 186 256
2pjwV00.a3m 9 256
2plwA00.a3m 188 256
2pmvB00.a3m 69 256
2pnlA00.a3m 1 11
2pofA00.a3m 31 256
2pq8A02.a3m 28 256
2ptrA02.a3m 111 256
2pv7A02.a3m 117 256
2pw9D02.a3m 5 256
2py5A03.a3m 0 40
2q2kA00.a3m 6 6
2qbuA02.a3m 0 256
2qfaC00.a3m 0 256
2qhpA00.a3m 256 256
2qkdA02.a3m 47 256
2qmwA02.a3m 0 256
2qntA01.a3m 125 256
2qqpD00.a3m 100 224
2qvoA00.a3m 256 256
2r1fA03.a3m 244 256
2r2jA03.a3m 48 256
2r40D00.a3m 110 256
2r75102.a3m 225 256
2rdyA01.a3m 0 256
2rfqC03.a3m 22 256
2rghA02.a3m 242 256
2rihA00.a3m 202 256
2rjiA00.a3m 0 100
2rjnA00.a3m 98 256
2rm8A00.a3m 110 256
2rmsB00.a3m 4 104
2sn3A00.a3m 10 256
2uvaJ10.a3m 247 256
2va8A03.a3m 86 256
2vf7A03.a3m 59 256
2vfrA04.a3m 82 256
2vl7A01.a3m 256 256
2voaA00.a3m 245 256
2vrwB01.a3m 232 256
2vveA01.a3m 5 256
2vvwA00.a3m 15 127
2vycA01.a3m 4 256
2vzyC00.a3m 225 256
2w8nA02.a3m 87 256
2wg6D00.a3m 1 256
2wjsA03.a3m 28 256
2wlrA03.a3m 256 256
2wx3A00.a3m 1 256
2wzpR03.a3m 30 256
2x18E00.a3m 242 256
2x3dF01.a3m 34 256
2x4fB01.a3m 42 256
2x4jA01.a3m 0 256
2x5fA01.a3m 256 256
2xb3A00.a3m 32 256
2xetB00.a3m 3 256
2xggB00.a3m 82 256
2xhvB02.a3m 38 256
2xi9A02.a3m 3 173
2xtcB00.a3m 35 256
2xtlA04.a3m 229 256
2xvmA00.a3m 255 256
2y27A02.a3m 2 256
2y7eB00.a3m 34 256
2yfuA00.a3m 104 256
2yj6A02.a3m 0 256
2ymsA00.a3m 256 256
2yvqA00.a3m 112 256
2ywlA01.a3m 237 256
2yykA03.a3m 16 256
2z3qD01.a3m 240 256
2z6rB01.a3m 1 256
2zfyA01.a3m 0 256
2zp9H00.a3m 17 160
2zueA01.a3m 256 256
3a4lB01.a3m 256 256
3a5zF01.a3m 48 256
3a8gB02.a3m 3 256
3a8rA01.a3m 20 256
3a9sA02.a3m 21 256
3afhA04.a3m 7 48
3ahcA01.a3m 122 256
3aj1A01.a3m 0 27
3aj1A02.a3m 0 256
3ajmA01.a3m 6 256
3amlA02.a3m 118 256
3apqB01.a3m 256 256
3ar4A04.a3m 244 256
3b0bB00.a3m 227 256
3b46A01.a3m 79 256
3b4sB01.a3m 0 214
3bc9A02.a3m 226 256
3bddD00.a3m 256 256
3bdlA02.a3m 60 256
3be7A01.a3m 6 256
3bemB00.a3m 99 256
3brqB01.a3m 202 256
3brvB00.a3m 12 256
3c0kA01.a3m 57 256
3c4aA02.a3m 15 256
3c6fA01.a3m 234 256
3clqB01.a3m 1 6
3cngC02.a3m 209 256
3cs1A01.a3m 252 256
3csxB00.a3m 11 256
3ctvA00.a3m 185 256
3cvgC01.a3m 255 256
3cwcA02.a3m 212 256
3cyjA01.a3m 72 256
3cypB00.a3m 251 256
3d01E00.a3m 64 256
3d02A02.a3m 221 256
3d55C02.a3m 2 256
3d9aH02.a3m 2 256
3dd7C00.a3m 10 256
3dfuA02.a3m 2 77
3dliA00.a3m 180 256
3dsoA00.a3m 8 256
3du1X00.a3m 256 256
3dv8A01.a3m 37 256
3dwlE00.a3m 1 256
3e1tA01.a3m 7 256
3eh0A03.a3m 112 256
3ehrB01.a3m 245 256
3ei4B01.a3m 13 189
3eifA05.a3m 0 148
3etvA01.a3m 2 47
3eucA01.a3m 47 256
3evpA00.a3m 32 256
3eyiB00.a3m 47 256
3ezxA01.a3m 36 256
3f5oA00.a3m 7 256
3fauB00.a3m 80 256
3fcsB04.a3m 255 256
3fcsD04.a3m 37 256
3fd4A00.a3m 35 256
3fdhA01.a3m 250 256
3fg1A01.a3m 9 256
3fhnA01.a3m 1 256
3fhrA01.a3m 102 256
3fn9C04.a3m 69 256
3fndA02.a3m 3 5
3fp3A01.a3m 256 256
3fpzA01.a3m 5 256
3g3kA02.a3m 5 256
3g46A00.a3m 1 256
3g5oA01.a3m 80 256
3g7uA01.a3m 256 256
3g9qA02.a3m 256 256
3gbyA00.a3m 126 256
3geeA02.a3m 214 256
3ggnB00.a3m 141 256
3gm8A03.a3m 256 256
3gnnB02.a3m 194 256
3gpkA00.a3m 44 256
3gpvA00.a3m 230 256
3gs9A01.a3m 2 256
3gt5A00.a3m 227 256
3gw6D02.a3m 2 256
3gywA02.a3m 197 256
3gzxB00.a3m 1 256
3h1tA01.a3m 170 256
3h3mA00.a3m 171 256
3h4jA03.a3m 79 256
3hfiA00.a3m 0 256
3hhyA02.a3m 38 256
3hk4A00.a3m 118 256
3hl6A01.a3m 0 62
3hq1B03.a3m 11 256
3hr6A01.a3m 217 256
3hsaD00.a3m 0 256
3htvA01.a3m 255 256
3i2dA02.a3m 67 256
3ifuA02.a3m 21 186
3iiiA02.a3m 14 256
3im6A00.a3m 23 256
3iprA00.a3m 8 256
3isaB00.a3m 117 256
3isyA00.a3m 0 256
3it4D02.a3m 33 256
3iusB00.a3m 236 256
3iylW02.a3m 3 40
3jamZ00.a3m 135 256
3js8A03.a3m 34 256
3jtzA00.a3m 252 256
3jw4A00.a3m 6 256
3k2oB02.a3m 147 256
3k4uA02.a3m 73 256
3k6sD04.a3m 256 256
3k7dA03.a3m 135 256
3kevA01.a3m 62 256
3kinB00.a3m 253 256
3klqA01.a3m 185 256
3ku7B00.a3m 18 256
3l0oB02.a3m 256 256
3l21B00.a3m 256 256
3l7iA02.a3m 256 256
3l7zF03.a3m 44 256
3lbeB00.a3m 78 256
3lbxB02.a3m 182 256
3ligA02.a3m 218 256
3lkmA02.a3m 0 256
3llhB00.a3m 186 256
3lnnA03.a3m 256 256
3lnpA01.a3m 50 256
3lo7A02.a3m 210 256
3louB01.a3m 175 256
3luyA02.a3m 6 256
3lyhB00.a3m 256 256
3mayB00.a3m 149 256
3mgbB00.a3m 255 256
3mkcA02.a3m 105 256
3mmgA02.a3m 126 256
3mmzC00.a3m 34 256
3mpoA02.a3m 2 256
3myxA02.a3m 82 256
3n08B00.a3m 181 256
3n54B03.a3m 164 256
3na7A00.a3m 256 256
3napA00.a3m 130 256
3nbzC00.a3m 150 256
3nfgP00.a3m 4 256
3ng7X01.a3m 106 256
3nj2A00.a3m 0 256
3nkqA01.a3m 4 256
3nraA01.a3m 14 256
3nwoA00.a3m 165 256
3o2rA00.a3m 252 256
3o3mB02.a3m 1 256
3oduB01.a3m 256 256
3oocA01.a3m 155 256
3op6A00.a3m 160 256
3op7A02.a3m 236 256
3ossD00.a3m 11 256
3otgA02.a3m 256 256
3oz2A01.a3m 245 256
3p0uA00.a3m 30 256
3p0wA01.a3m 6 256
3p26B02.a3m 77 256
3pb6X00.a3m 256 256
3pdiD03.a3m 81 256
3pp5A01.a3m 5 256
3pufL00.a3m 1 256
3puqA01.a3m 240 256
3pv2A03.a3m 47 256
3pvcA02.a3m 251 256
3pvlA02.a3m 22 256
3q23A04.a3m 0 256
3q2qA00.a3m 256 256
3qaoA00.a3m 249 256
3qhyB00.a3m 255 256
3qi7A02.a3m 11 256
3qipA05.a3m 19 256
3qkaA02.a3m 183 256
3qouA03.a3m 103 256
3qszA00.a3m 12 256
3qvsA02.a3m 5 256
3qx3A02.a3m 47 256
3r0qA02.a3m 11 256
3r4dA02.a3m 19 256
3r4qA01.a3m 256 256
3r75A02.a3m 43 256
3rcmA00.a3m 255 256
3rf3A02.a3m 5 256
3rgoA00.a3m 255 256
3rkiA02.a3m 0 256
3rkoF01.a3m 256 256
3rl5A00.a3m 220 256
3rnkB00.a3m 10 256
3rrrG02.a3m 0 26
3s6lD00.a3m 249 256
3s9kA01.a3m 256 256
3sjsA01.a3m 256 256
3sk1C01.a3m 35 256
3slkA01.a3m 211 256
3soyA00.a3m 244 256
3swhA02.a3m 256 256
3t4nA01.a3m 0 256
3t9wA01.a3m 8 256
3tcmA02.a3m 255 256
3td9A02.a3m 236 256
3tjrA00.a3m 253 256
3tklB02.a3m 3 141
3tqtA03.a3m 18 256
3tsoC00.a3m 4 256
3tutA01.a3m 254 256
3tw6A06.a3m 6 256
3ty4B00.a3m 91 256
3u1kB04.a3m 62 256
3u1lA02.a3m 13 256
3u7qA03.a3m 72 256
3uaqB01.a3m 5 256
3uc9A00.a3m 103 256
3uguA01.a3m 81 256
3uibA01.a3m 2 256
3ukvC01.a3m 256 256
3ul4B00.a3m 255 256
3ulpD00.a3m 60 256
3v0sA00.a3m 256 256
3v5cA01.a3m 1 256
3varA01.a3m 9 256
3vkgA02.a3m 71 256
3vkgA05.a3m 256 256
3vkgA15.a3m 235 256
3voqA00.a3m 13 256
3vpbB03.a3m 1 256
3vpdA02.a3m 221 256
3vxcA02.a3m 175 256
3w5sA01.a3m 45 256
3waeB01.a3m 4 256
3wdhA04.a3m 0 256
3weeA02.a3m 11 256
3wgtA01.a3m 254 256
3wo4B01.a3m 42 256
3wvsA00.a3m 256 256
3ze3A00.a3m 256 256
3zssA02.a3m 12 256
3zxcA00.a3m 81 256
4a1cO02.a3m 256 256
4a8jB00.a3m 26 256
4ah6A01.a3m 35 256
4akgA06.a3m 0 256
4akgA10.a3m 110 256
4aklA02.a3m 10 56
4akmB00.a3m 133 256
4at7A02.a3m 139 256
4aumA02.a3m 0 256
4aybA04.a3m 3 256
4b3xA02.a3m 122 256
4b43A01.a3m 256 256
4b4dA01.a3m 128 256
4b7hA01.a3m 8 256
4b7hA02.a3m 244 256
4b86B00.a3m 26 256
4b9cA00.a3m 3 256
4bbyB04.a3m 57 256
4beuA01.a3m 19 256
4beuA02.a3m 229 256
4bfrB02.a3m 3 256
4bjzA01.a3m 255 256
4boqA00.a3m 55 256
4bs9A01.a3m 1 256
4c0qB00.a3m 256 256
4c2mA09.a3m 241 256
4c8yA01.a3m 1 171
4ccsA01.a3m 186 256
4cidA01.a3m 8 256
4cogA00.a3m 252 256
4dk0A01.a3m 15 256
4dk0A02.a3m 127 256
4dmvA01.a3m 0 254
4dncD00.a3m 0 256
4dnnB00.a3m 6 256
4dq6A01.a3m 178 256
4driA00.a3m 197 256
4duiA00.a3m 256 256
4dv8A01.a3m 22 256
4dx8K01.a3m 3 114
4dz1A02.a3m 180 256
4dzhA01.a3m 53 256
4e0aA00.a3m 226 256
4e12A02.a3m 161 256
4e6uA01.a3m 256 256
4ecnA01.a3m 0 130
4ed9A01.a3m 256 256
4edfC03.a3m 253 256
4eefH00.a3m 248 256
4egwA02.a3m 212 256
4ehsA00.a3m 8 217
4emcC01.a3m 0 3
4es8B01.a3m 0 56
4ewfA00.a3m 195 256
4ewtA02.a3m 4 256
4f4eA02.a3m 256 256
4f92B09.a3m 7 256
4fcaA04.a3m 36 256
4ffuD00.a3m 13 256
4fppA02.a3m 0 256
4fqeA00.a3m 115 256
4fuvA00.a3m 96 256
4fw1A02.a3m 126 256
4fzlA01.a3m 0 5
4g92C00.a3m 16 256
4gl6A01.a3m 0 10
4gqmA00.a3m 212 256
4gx0A02.a3m 31 256
4gywA05.a3m 88 256
4h05B01.a3m 13 256
4h1xA01.a3m 15 256
4h2wC00.a3m 252 256
4h63H01.a3m 16 256
4h63Q01.a3m 0 256
4h7yA00.a3m 256 256
4hg5C00.a3m 256 256
4hhvA00.a3m 246 256
4hxfB02.a3m 256 256
4i2xE02.a3m 5 256
4i5pA02.a3m 239 256
4ilkA02.a3m 129 256
4iq4E03.a3m 3 256
4iqfA02.a3m 197 256
4itjB02.a3m 165 256
4ivnA01.a3m 197 256
4iyjA00.a3m 256 256
4j19B01.a3m 253 256
4jc0A03.a3m 174 256
4jioB02.a3m 39 256
4jixB00.a3m 32 256
4jneA03.a3m 74 256
4joqA02.a3m 214 256
4jr6B00.a3m 109 256
4jxhA02.a3m 254 256
4jykB01.a3m 256 256
4jz5A00.a3m 252 256
4k2jB00.a3m 3 22
4kh8A02.a3m 7 256
4l3tB04.a3m 2 256
4lmoA00.a3m 165 256
4lo6A00.a3m 0 44
4lsbA02.a3m 87 256
4m52A02.a3m 128 256
4m55F00.a3m 2 256
4m83A01.a3m 166 256
4m9cA02.a3m 111 256
4mb4A03.a3m 97 256
4mhxA01.a3m 206 256
4mt2A00.a3m 120 256
4mxmA00.a3m 238 256
4my5A02.a3m 80 256
4mzgB00.a3m 43 256
4n06A01.a3m 94 256
4n40A01.a3m 16 256
4n68A00.a3m 253 256
4nj9H02.a3m 27 256
4nkgB00.a3m 40 256
4nl4H03.a3m 256 256
4nohA01.a3m 0 52
4noiA01.a3m 3 256
4nufA02.a3m 111 256
4nvsA00.a3m 223 256
4o1kA00.a3m 128 256
4o7hA01.a3m 195 256
4obmA00.a3m 218 256
4odkA00.a3m 251 256
4om9A02.a3m 256 256
4oogC01.a3m 256 256
4oonA03.a3m 9 256
4opwB00.a3m 222 256
4oy4A02.a3m 3 256
4oycB00.a3m 5 256
4oydB00.a3m 3 3
4p09A00.a3m 6 256
4p0fA02.a3m 15 256
4p3gD00.a3m 11 256
4p47A00.a3m 220 256
4pfyA03.a3m 239 256
4ph2A00.a3m 4 101
4prxA02.a3m 59 256
4pscA00.a3m 256 256
4pwyA00.a3m 109 256
4pzvA02.a3m 24 256
4q37A00.a3m 184 256
4q7kA00.a3m 48 256
4qdcA01.a3m 99 256
4qdjA00.a3m 256 256
4qdnA00.a3m 103 256
4qedA00.a3m 225 256
4ql0A03.a3m 245 256
4qp5A00.a3m 256 256
4qpkA01.a3m 13 256
4r1vA01.a3m 254 256
4r80A00.a3m 2 77
4relA01.a3m 190 256
4reyA01.a3m 10 256
4rjzA01.a3m 205 256
4rm7A03.a3m 0 256
4ro9C01.a3m 42 256
4s1pA00.a3m 184 256
4tkcA00.a3m 230 256
4tq1A01.a3m 27 256
4tq1A02.a3m 21 256
4u4iA00.a3m 39 256
4u5wD01.a3m 58 256
4u7aA00.a3m 211 256
4u8uN01.a3m 2 78
4uejA02.a3m 184 256
4up3A01.a3m 256 256
4uu9D00.a3m 0 256
4uwhA01.a3m 24 256
4uzgA01.a3m 180 256
4uzsB01.a3m 120 256
4v08A00.a3m 20 140
4v0pA01.a3m 5 256
4wiwA02.a3m 11 256
4wk0B02.a3m 0 256
4wt7B02.a3m 140 256
4wvrB00.a3m 32 256
4x2cA00.a3m 252 256
4x36A02.a3m 256 256
4x3kA00.a3m 256 256
4x54A00.a3m 255 256
4x84B01.a3m 229 256
4xi0F00.a3m 256 256
4xpkA00.a3m 256 256
4xxiA00.a3m 0 256
4xylB02.a3m 152 256
4ycaB01.a3m 256 256
4ygbA00.a3m 215 256
4ykiA02.a3m 0 256
4ymhD00.a3m 245 256
4ymxA02.a3m 256 256
4yrdA02.a3m 40 256
4zb7A00.a3m 37 256
4zcdB02.a3m 85 256
4zciA02.a3m 51 256
4zhvB00.a3m 256 256
4zmyA02.a3m 103 256
4zo2A00.a3m 254 256
4zz1A00.a3m 206 256
5a3vA02.a3m 232 256
5a57A03.a3m 50 256
5ahnA00.a3m 256 256
5azpA02.a3m 61 256
5bncA02.a3m 4 256
5braA02.a3m 106 256
5bvaA00.a3m 256 256
5c3kA00.a3m 249 256
5c6kB00.a3m 4 256
5ch5A00.a3m 242 256
5ck3C00.a3m 39 256
5coyA00.a3m 146 256
5cuwA00.a3m 140 256
5cyxA03.a3m 37 256
5dkaA00.a3m 256 256
5dp2A01.a3m 7 256
5drbA02.a3m 87 256
5e37A01.a3m 255 256
5eccA00.a3m 254 256
5eehC03.a3m 254 256
5efzC00.a3m 3 256
5ekiC00.a3m 177 256
5eswB00.a3m 93 256
5f2kB02.a3m 9 256
5f33A03.a3m 28 256
5f4cA00.a3m 39 256
5f5nA00.a3m 97 256
5f7uA01.a3m 38 256
5f7uA04.a3m 29 256
5fagB02.a3m 98 256
5ffiE00.a3m 95 256
5fmuC01.a3m 16 256
5ftwA02.a3m 255 256
5h5mA02.a3m 59 256
5hubA00.a3m 193 256
5i0qB01.a3m 23 256
5i32A00.a3m 256 256
5i4nA02.a3m 59 256
5ir2A00.a3m 15 256
5j3bA01.a3m 13 256
5jbxB01.a3m 30 256
5jdjA00.a3m 247 256
5jn5B04.a3m 211 256
5jodA02.a3m 13 256
5jouA01.a3m 166 256
5jzjA01.a3m 142 256
5k8sB00.a3m 254 256
5kdoB00.a3m 228 256
5lauA00.a3m 246 256
5lf2A03.a3m 69 256
5li9A01.a3m 256 256
5lw5A00.a3m 0 81
5m17A00.a3m 53 256
5m3bB01.a3m 115 256
5m3nA03.a3m 11 256
5mc7A00.a3m 151 256
5mgwA02.a3m 256 256
5mj3A02.a3m 40 256
5mpoC00.a3m 0 256
5mu9A01.a3m 68 256
5nhmB00.a3m 10 256
5nulA00.a3m 2 256
5oomb00.a3m 34 256
5oomg00.a3m 168 256
5osaA02.a3m 255 256
5r4oA00.a3m 202 256
5r8qA00.a3m 14 256
5rubA02.a3m 83 256
5tevB02.a3m 17 256
5towB01.a3m 189 256
5tv2A01.a3m 256 256
5ubgA01.a3m 92 256
5uggA02.a3m 256 256
5uqiA00.a3m 222 256
5uqsA01.a3m 203 256
5ur4A00.a3m 2 256
5urpA00.a3m 79 256
5uz0A02.a3m 66 256
5v7qL01.a3m 256 256
5vanA02.a3m 166 256
5vmzA01.a3m 88 256
5vsnA00.a3m 183 256
5w1aB01.a3m 17 256
5wm1A03.a3m 4 256
5wwwA01.a3m 231 256
5x5hA01.a3m 256 256
5x5tA02.a3m 68 256
5x7nB01.a3m 243 256
5xb0A02.a3m 175 256
5zwnx00.a3m 1 1
6apeA01.a3m 255 256
6az1F02.a3m 11 256
6az1Q00.a3m 17 256
6b3vA01.a3m 225 256
6blgA02.a3m 256 256
6bogA01.a3m 79 256
6bweB00.a3m 1 256
6c1xA00.a3m 191 256
6ciiA00.a3m 1 256
6cmzB03.a3m 0 256
6e4nA00.a3m 212 256
6ek3B00.a3m 253 256
6f4jC00.a3m 158 256
6fbcA01.a3m 105 256
6fmeA02.a3m 32 256
6frwA00.a3m 4 256
6g1uB00.a3m 87 256
6gmhF00.a3m 250 256
6gnaA02.a3m 21 256
6hteB02.a3m 252 256
6i3hB02.a3m 5 42
6jizC02.a3m 38 256
6ko8A00.a3m 232 256
6korA02.a3m 208 256
6kp7A01.a3m 151 256
6ks6D01.a3m 99 256
6l1kA01.a3m 95 256
6m8tA00.a3m 229 256
6mbkA01.a3m 27 256
6n0aB01.a3m 51 256
6n36A00.a3m 126 256
6na4D01.a3m 58 256
6neyA00.a3m 0 256
6nl2A04.a3m 13 256
6nnaA02.a3m 248 256
6nyaA05.a3m 54 256
6o4oA00.a3m 50 256
6o8lA00.a3m 101 256
6o9sA00.a3m 191 256
6ouvA02.a3m 256 256
6p3qA02.a3m 0 256
6pf8C02.a3m 2 2
6pjjC01.a3m 0 256
6q4rA02.a3m 256 256
6qe8A00.a3m 40 256
6qpqB00.a3m 6 256
6ryzC02.a3m 1 256
6s81D01.a3m 73 256
6smoF01.a3m 252 256
6spbT00.a3m 253 256
6spbZ00.a3m 155 256
6tmfY00.a3m 256 256
6tu9A01.a3m 123 256
6u26A01.a3m 6 256
6vuaA02.a3m 5 256
6vudA02.a3m 96 256
