1a04A01.a3m 5501 20000
1a0iA03.a3m 70 89
1a79A02.a3m 1229 1780
1a9xA03.a3m 10609 20000
1aipE03.a3m 9875 9895
1aorA03.a3m 5588 7651
1aq5A00.a3m 753 772
1bhaA00.a3m 1218 1218
1bl0A02.a3m 19738 20000
1bx7A00.a3m 2423 2848
1c3cA02.a3m 10775 20000
1c4kA01.a3m 295 431
1ciyA02.a3m 316 384
1cqxA03.a3m 10694 20000
1cwvA05.a3m 1240 1419
1cyoA00.a3m 15518 18580
1d2mA01.a3m 8269 20000
1d4vA02.a3m 356 356
1dceA02.a3m 146 153
1dp7P00.a3m 2925 3206
1e1hB01.a3m 19 34
1e3mB03.a3m 13997 19184
1ea9C04.a3m 7497 7614
1eb6A00.a3m 2873 3226
1ehxA00.a3m 1180 2576
1eqgA01.a3m 11028 20000
1f0lA01.a3m 13 21
1f0lA03.a3m 1093 10509
1f5nA01.a3m 1987 2004
1f7cA00.a3m 13151 20000
1fi5A00.a3m 3811 20000
1fp2A01.a3m 5755 6105
1fviA03.a3m 75 2044
1g2hA00.a3m 15451 20000
1g4iA00.a3m 3424 3429
1g6uA00.a3m 4483 4546
1gjwA02.a3m 3 26
1gklA00.a3m 15497 20000
1gkpB02.a3m 16759 20000
1gkuB08.a3m 11980 20000
1gmnB01.a3m 1 1
1gsoA03.a3m 17052 17836
1gudA01.a3m 8396 20000
1gxeA00.a3m 1916 20000
1gyoA00.a3m 19609 20000
1h1lD03.a3m 2349 4440
1h1oA01.a3m 19914 20000
1h4aX01.a3m 7929 14694
1h6gA01.a3m 1740 2077
1h6wA01.a3m 866 966
1h6wA02.a3m 532 533
1h97A00.a3m 6700 14794
1heiA03.a3m 1356 1423
1hf2C02.a3m 6176 6193
1hg8A00.a3m 18875 18881
1hxmA01.a3m 5235 20000
1hzhH01.a3m 15355 20000
1i1wA00.a3m 12177 19147
1i7dA04.a3m 8135 20000
1i8dC02.a3m 17054 20000
1igdA00.a3m 705 710
1io1A02.a3m 149 407
1jfuA00.a3m 10887 20000
1jq4A00.a3m 8295 20000
1k04A01.a3m 1122 1122
1k3iA01.a3m 6836 20000
1k3iA02.a3m 7999 11031
1k3rA01.a3m 39 1557
1k8kA03.a3m 13670 13940
1k8kC00.a3m 6663 20000
1kaeA01.a3m 15269 16883
1kaeA03.a3m 8953 20000
1kfiA04.a3m 2669 2715
1kfwA02.a3m 4297 4304
1kobA02.a3m 5544 20000
1koyA00.a3m 393 461
1krhA03.a3m 9115 20000
1l4sA01.a3m 13951 17308
1l8rB00.a3m 2155 2176
1lbuA01.a3m 19574 20000
1lc5A01.a3m 10596 20000
1lf6A01.a3m 1022 1471
1llmD02.a3m 8347 20000
1lvbA01.a3m 419 425
1lwjA01.a3m 7821 20000
1m4jA00.a3m 5442 6217
1m9sA04.a3m 3939 4987
1mnmC00.a3m 15621 20000
1mqsA03.a3m 4002 5055
1mw9X03.a3m 10069 20000
1mxgA02.a3m 384 554
1mzpA02.a3m 4024 13221
1n1iC02.a3m 3295 3952
1n3kA00.a3m 2311 3291
1n7dA02.a3m 18973 20000
1nb0A00.a3m 13613 19269
1ncsA00.a3m 6134 20000
1neuA00.a3m 6846 20000
1nh2B00.a3m 1477 1478
1nh2C00.a3m 1554 1568

