1a04A01.a3m 356 2048
1a0iA03.a3m 53 89
1a79A02.a3m 530 1780
1a9xA03.a3m 1197 2048
1aipE03.a3m 2048 2048
1aorA03.a3m 1743 2048
1aq5A00.a3m 565 772
1bhaA00.a3m 1211 1218
1bl0A02.a3m 2048 2048
1bx7A00.a3m 527 2048
1c3cA02.a3m 1229 2048
1c4kA01.a3m 175 431
1ciyA02.a3m 192 384
1cqxA03.a3m 1570 2048
1cwvA05.a3m 510 1419
1cyoA00.a3m 2048 2048
1d2mA01.a3m 2000 2048
1d4vA02.a3m 298 356
1dceA02.a3m 120 153
1dp7P00.a3m 2019 2048
1e1hB01.a3m 11 34
1e3mB03.a3m 2047 2048
1ea9C04.a3m 2029 2048
1eb6A00.a3m 1885 2048
1ehxA00.a3m 174 2048
1eqgA01.a3m 1617 2048
1f0lA01.a3m 8 21
1f0lA03.a3m 12 2048
1f5nA01.a3m 1824 2004
1f7cA00.a3m 1355 2048
1fi5A00.a3m 365 2048
1fp2A01.a3m 1951 2048
1fviA03.a3m 4 2044
1g2hA00.a3m 1948 2048
1g4iA00.a3m 2041 2048
1g6uA00.a3m 1941 2048
1gjwA02.a3m 3 26
1gklA00.a3m 1796 2048
1gkpB02.a3m 1973 2048
1gkuB08.a3m 1428 2048
1gmnB01.a3m 1 1
1gsoA03.a3m 2048 2048
1gudA01.a3m 959 2048
1gxeA00.a3m 264 2048
1gyoA00.a3m 2048 2048
1h1lD03.a3m 1092 2048
1h1oA01.a3m 2048 2048
1h4aX01.a3m 1037 2048
1h6gA01.a3m 1088 2048
1h6wA01.a3m 537 966
1h6wA02.a3m 520 533
1h97A00.a3m 810 2048
1heiA03.a3m 1333 1423
1hf2C02.a3m 2048 2048
1hg8A00.a3m 2048 2048
1hxmA01.a3m 405 2048
1hzhH01.a3m 2005 2048
1i1wA00.a3m 2005 2048
1i7dA04.a3m 795 2048
1i8dC02.a3m 2048 2048
1igdA00.a3m 497 710
1io1A02.a3m 130 407
1jfuA00.a3m 1586 2048
1jq4A00.a3m 1280 2048
1k04A01.a3m 1083 1122
1k3iA01.a3m 744 2048
1k3iA02.a3m 1572 2048
1k3rA01.a3m 12 1557
1k8kA03.a3m 1968 2048
1k8kC00.a3m 784 2048
1kaeA01.a3m 2047 2048
1kaeA03.a3m 1967 2048
1kfiA04.a3m 2047 2048
1kfwA02.a3m 2012 2048
1kobA02.a3m 819 2048
1koyA00.a3m 279 461
1krhA03.a3m 662 2048
1l4sA01.a3m 2043 2048
1l8rB00.a3m 1686 2048
1lbuA01.a3m 2048 2048
1lc5A01.a3m 1761 2048
1lf6A01.a3m 305 1471
1llmD02.a3m 814 2048
1lvbA01.a3m 363 425
1lwjA01.a3m 340 2048
1m4jA00.a3m 1936 2048
1m9sA04.a3m 2021 2048
1mnmC00.a3m 2038 2048
1mqsA03.a3m 1640 2048
1mw9X03.a3m 1628 2048
1mxgA02.a3m 228 554
1mzpA02.a3m 1193 2048
1n1iC02.a3m 1295 2048
1n3kA00.a3m 805 2048
1n7dA02.a3m 2048 2048
1nb0A00.a3m 2031 2048
1ncsA00.a3m 467 2048
1neuA00.a3m 764 2048
1nh2B00.a3m 1445 1478
1nh2C00.a3m 1511 1568

