1a04A01.a3m 1757 2048
1a0iA03.a3m 0 89
1a79A02.a3m 30 1780
1a9xA03.a3m 922 2048
1aipE03.a3m 909 2048
1aorA03.a3m 528 2048
1aq5A00.a3m 486 772
1bhaA00.a3m 1112 1218
1bl0A02.a3m 1957 2048
1bx7A00.a3m 214 2048
1c3cA02.a3m 339 2048
1c4kA01.a3m 11 431
1ciyA02.a3m 4 384
1cqxA03.a3m 1962 2048
1cwvA05.a3m 64 1419
1cyoA00.a3m 852 2048
1d2mA01.a3m 1846 2048
1d4vA02.a3m 3 356
1dceA02.a3m 7 153
1dp7P00.a3m 4 2048
1e1hB01.a3m 2 34
1e3mB03.a3m 22 2048
1ea9C04.a3m 926 2048
1eb6A00.a3m 483 2048
1ehxA00.a3m 114 2048
1eqgA01.a3m 336 2048
1f0lA01.a3m 1 21
1f0lA03.a3m 560 2048
1f5nA01.a3m 527 2004
1f7cA00.a3m 2048 2048
1fi5A00.a3m 1766 2048
1fp2A01.a3m 20 2048
1fviA03.a3m 11 2044
1g2hA00.a3m 1930 2048
1g4iA00.a3m 126 2048
1g6uA00.a3m 142 2048
1gjwA02.a3m 1 26
1gklA00.a3m 2012 2048
1gkpB02.a3m 308 2048
1gkuB08.a3m 11 2048
1gmnB01.a3m 1 1
1gsoA03.a3m 2017 2048
1gudA01.a3m 1121 2048
1gxeA00.a3m 1201 2048
1gyoA00.a3m 1998 2048
1h1lD03.a3m 148 2048
1h1oA01.a3m 2048 2048
1h4aX01.a3m 91 2048
1h6gA01.a3m 90 2048
1h6wA01.a3m 560 966
1h6wA02.a3m 442 533
1h97A00.a3m 179 2048
1heiA03.a3m 969 1423
1hf2C02.a3m 605 2048
1hg8A00.a3m 2031 2048
1hxmA01.a3m 81 2048
1hzhH01.a3m 1844 2048
1i1wA00.a3m 1846 2048
1i7dA04.a3m 889 2048
1i8dC02.a3m 256 2048
1igdA00.a3m 69 710
1io1A02.a3m 140 407
1jfuA00.a3m 2048 2048
1jq4A00.a3m 391 2048
1k04A01.a3m 27 1122
1k3iA01.a3m 521 2048
1k3iA02.a3m 913 2048
1k3rA01.a3m 11 1557
1k8kA03.a3m 1963 2048
1k8kC00.a3m 1869 2048
1kaeA01.a3m 1288 2048
1kaeA03.a3m 104 2048
1kfiA04.a3m 5 2048
1kfwA02.a3m 177 2048
1kobA02.a3m 1901 2048
1koyA00.a3m 8 461
1krhA03.a3m 1192 2048
1l4sA01.a3m 236 2048
1l8rB00.a3m 4 2048
1lbuA01.a3m 1780 2048
1lc5A01.a3m 67 2048
1lf6A01.a3m 34 1471
1llmD02.a3m 2048 2048
1lvbA01.a3m 7 425
1lwjA01.a3m 1926 2048
1m4jA00.a3m 51 2048
1m9sA04.a3m 1606 2048
1mnmC00.a3m 1214 2048
1mqsA03.a3m 90 2048
1mw9X03.a3m 30 2048
1mxgA02.a3m 260 554
1mzpA02.a3m 875 2048
1n1iC02.a3m 1319 2048
1n3kA00.a3m 148 2048
1n7dA02.a3m 2023 2048
1nb0A00.a3m 92 2048
1ncsA00.a3m 1683 2048
1neuA00.a3m 94 2048
1nh2B00.a3m 169 1478
1nh2C00.a3m 42 1568
