32 32
0 32
1 32
8 32
31 32
11 32
30 32
31 32
32 32
0 32
13 32
0 32
0 32
32 32
1 32
25 32
26 32
0 32
0 32
0 32
0 32
0 32
27 32
27 32
2 32
5 32
0 21
0 32
18 32
32 32
32 32
0 32
0 32
27 32
11 32
10 32
0 26
32 32
4 32
0 32
1 1
32 32
23 32
29 32
32 32
0 32
32 32
1 32
1 32
20 32
30 32
3 32
1 32
23 32
32 32
0 32
32 32
32 32
15 32
15 32
2 32
10 32
32 32
5 32
1 32
4 32
32 32
1 32
31 32
32 32
22 32
0 32
0 32
8 32
32 32
0 32
14 32
20 32
1 32
31 32
2 32
4 32
32 32
1 32
32 32
2 32
32 32
22 32
7 32
0 32
24 32
18 32
30 32
19 32
32 32
7 32
31 32
0 32
16 32
4 32
15 32
9 32
20 32
32 32
30 32
29 32
0 32
5 32
18 32
12 32
31 32
7 32
0 32
32 32
26 32
6 32
3 32
1 32
12 32
27 32
0 32
32 32
32 32
0 32
1 32
2 32
31 32
0 32
23 32
2 32
13 32
29 32
0 32
20 32
32 32
0 32
1 32
25 32
32 32
11 32
32 32
24 32
0 32
29 32
32 32
32 32
0 32
9 32
0 32
22 32
32 32
25 32
0 32
32 32
3 32
32 32
32 32
14 32
0 32
16 32
32 32
0 32
32 32
2 32
32 32
26 32
4 32
2 32
32 32
8 32
1 32
32 32
2 32
32 32
19 32
32 32
0 32
24 32
13 32
25 32
2 32
32 32
27 32
0 32
32 32
22 32
32 32
32 32
32 32
32 32
32 32
1 32
1 32
0 32
30 32
2 32
1 32
25 32
0 32
32 32
29 32
0 32
2 32
3 32
3 32
0 6
8 32
31 32
8 32
1 32
0 32
25 32
28 32
22 32
32 32
26 32
3 32
0 32
2 32
22 32
2 32
0 32
21 32
0 32
29 32
7 32
4 32
0 32
32 32
32 32
29 32
12 32
0 32
32 32
30 32
0 32
12 32
32 32
4 32
31 32
0 32
0 32
32 32
3 32
23 32
29 32
7 32
2 32
5 32
32 32
4 32
5 32
32 32
32 32
1 32
28 32
32 32
1 32
32 32
14 32
0 32
1 32
32 32
5 32
0 32
32 32
6 32
32 32
2 32
22 32
0 32
32 32
22 32
16 32
32 32
32 32
0 32
1 32
0 32
17 32
32 32
31 32
32 32
0 32
0 32
32 32
31 32
31 32
32 32
0 32
26 32
32 32
29 32
32 32
0 32
18 32
17 32
31 32
6 32
28 32
31 32
0 32
32 32
2 32
32 32
32 32
32 32
0 32
9 32
2 32
0 32
6 32
29 32
1 32
1 32
18 32
27 32
20 32
1 32
25 32
32 32
32 32
32 32
26 32
8 32
30 32
29 32
31 32
0 32
2 32
32 32
32 32
14 32
0 32
32 32
2 32
30 32
23 32
1 11
10 32
4 32
14 32
23 32
0 32
0 32
5 6
0 32
0 32
32 32
8 32
0 32
25 32
13 32
32 32
31 32
10 32
20 32
29 32
0 32
15 32
31 32
30 32
0 32
11 32
17 32
1 32
0 32
32 32
17 32
2 32
28 32
32 32
32 32
31 32
1 32
8 32
0 32
31 32
13 32
1 32
19 32
32 32
0 32
5 32
32 32
7 32
6 32
0 32
32 32
16 32
0 32
8 32
2 32
0 32
8 32
32 32
32 32
0 32
6 32
12 32
0 32
32 32
31 32
31 32
6 32
32 32
1 32
0 32
3 32
32 32
32 32
8 32
0 32
14 32
11 32
3 32
18 32
0 27
0 32
0 32
27 32
32 32
32 32
32 32
7 32
0 32
32 32
32 32
23 32
0 32
22 32
28 32
1 32
5 32
2 32
30 32
0 6
27 32
32 32
2 32
28 32
32 32
28 32
13 32
32 32
9 32
31 32
1 32
0 32
5 32
0 32
24 32
1 32
32 32
8 32
1 32
0 32
6 32
32 32
7 32
0 32
1 32
8 32
5 32
5 32
14 32
1 32
7 32
32 32
3 32
8 32
31 32
0 32
0 32
11 32
9 32
2 5
32 32
0 32
1 32
0 32
6 32
32 32
32 32
18 32
31 32
18 32
32 32
28 32
9 32
32 32
0 32
31 32
0 32
31 32
0 32
25 32
30 32
11 32
0 32
6 32
23 32
0 32
5 32
28 32
0 32
32 32
20 32
2 32
6 32
2 32
1 32
20 32
0 32
6 32
31 32
2 32
25 32
13 32
32 32
1 32
31 32
6 32
32 32
20 32
10 32
32 32
23 32
3 32
32 32
32 32
32 32
5 32
12 32
13 32
30 32
0 32
26 32
32 32
7 32
30 32
29 32
2 32
32 32
29 32
32 32
25 32
31 32
0 32
0 32
12 32
23 32
30 32
32 32
28 32
27 32
0 32
16 32
0 32
3 32
0 32
20 32
32 32
0 32
32 32
25 32
20 32
29 32
0 32
32 32
32 32
1 32
3 32
13 32
32 32
6 32
1 32
0 32
31 32
9 32
32 32
0 32
0 32
32 32
32 32
32 32
2 32
2 32
32 32
6 32
2 32
0 32
5 32
5 32
2 32
32 32
5 32
32 32
4 32
32 32
0 32
32 32
29 32
2 32
0 26
32 32
32 32
32 32
2 32
31 32
31 32
32 32
0 32
0 32
32 32
31 32
32 32
0 32
4 32
2 32
32 32
0 32
12 32
11 32
6 32
15 32
3 32
23 32
22 32
0 32
32 32
32 32
4 32
32 32
0 32
1 32
4 32
32 32
30 32
1 32
0 32
28 32
27 32
2 32
0 32
0 32
2 32
32 32
9 32
32 32
32 32
4 32
6 32
32 32
10 32
5 32
0 32
17 32
10 32
30 32
32 32
0 32
1 32
25 32
32 32
22 32
0 32
32 32
3 32
0 32
8 32
6 32
29 32
3 32
32 32
18 32
0 32
32 32
32 32
1 32
32 32
1 32
32 32
2 32
18 32
0 32
0 32
1 32
31 32
25 32
32 32
8 32
0 32
28 32
6 32
30 32
29 32
32 32
0 32
32 32
31 32
32 32
32 32
6 32
0 3
0 32
27 32
0 32
32 32
1 32
13 32
5 32
0 32
27 32
25 32
30 32
0 5
0 32
0 10
30 32
5 32
5 32
2 32
2 32
32 32
4 32
0 32
32 32
32 32
30 32
32 32
0 32
32 32
16 32
0 32
30 32
27 32
22 32
32 32
32 32
32 32
14 32
7 32
12 32
30 32
11 32
32 32
32 32
32 32
2 22
0 32
1 32
23 32
0 32
19 32
20 32
0 32
28 32
14 32
6 32
30 32
32 32
32 32
10 32
16 32
17 32
6 32
32 32
6 32
4 32
32 32
0 32
1 32
26 32
30 32
22 32
27 32
31 32
32 32
32 32
32 32
5 32
27 32
0 32
1 32
3 3
1 32
2 32
1 32
30 32
31 32
1 32
20 32
32 32
22 32
1 32
19 32
4 32
11 32
32 32
11 32
31 32
30 32
32 32
0 32
32 32
2 32
25 32
1 32
29 32
0 32
2 32
31 32
32 32
6 32
3 32
5 32
4 32
29 32
0 32
26 32
32 32
0 32
8 32
17 32
15 32
7 32
5 32
3 32
0 32
17 32
1 32
32 32
32 32
32 32
32 32
30 32
32 32
32 32
0 32
21 32
32 32
32 32
0 32
31 32
32 32
4 32
4 32
14 32
12 32
32 32
17 32
32 32
31 32
31 32
23 32
32 32
30 32
1 32
25 32
32 32
32 32
2 32
31 32
15 32
24 32
19 32
5 32
32 32
1 32
13 32
31 32
32 32
32 32
0 32
22 32
10 32
1 32
3 32
13 32
17 32
5 32
6 32
11 32
7 32
2 32
32 32
4 32
28 32
3 32
32 32
4 32
0 32
2 32
8 32
31 32
29 32
2 32
29 32
22 32
32 32
32 32
30 32
8 32
32 32
0 32
5 32
13 32
0 32
29 32
32 32
11 32
0 32
5 32
0 32
0 32
9 32
27 32
32 32
32 32
2 32
14 32
4 32
27 32
32 32
6 32
32 32
32 32
31 32
1 32
14 32
3 32
32 32
20 32
2 32
26 32
3 32
1 32
32 32
32 32
15 32
31 32
30 32
1 1
32 32
2 32
1 32
31 32
32 32
24 32
1 32
31 32
1 32
0 32
29 32
32 32
20 32
11 32
5 32
0 32
13 32
32 32
3 32
32 32
2 32
5 32
30 32
28 32
27 32
15 32
13 32
29 32
6 32
15 32
31 32
6 32
0 32
1 32
31 32
17 32
19 32
15 32
27 32
32 32
0 32
1 2
0 32
32 32
12 32
0 32
0 32
15 32
32 32
32 32
23 32
32 32
22 32
2 32
1 32
19 32
