0.9794921875
0.943359375
0.232421875
0.7197265625
0.388671875
0.9833984375
0.7294921875
0.5537109375
0.1611328125
0.8369140625
0.9873046875
0.5380859375
0.9970703125
0.9482421875
0.9892578125
0.8896484375
0.9482421875
0.9384765625
0.333984375
0.3427734375
0.849609375
0.564453125
0.455078125
0.9990234375
0.634765625
0.404296875
0.880859375
0.63671875
0.607421875
0.9931640625
0.7314453125
1.0
0.8583984375
0.9521484375
0.9951171875
0.890625
0.8544921875
0.9375
0.232421875
0.9990234375
0.994140625
0.87109375
0.8466796875
0.96875
0.8310546875
0.61328125
0.3291015625
0.65625
0.369140625
0.466796875
0.6796875
0.81640625
0.962890625
0.544921875
0.9345703125
0.9990234375
0.478515625
0.99609375
0.94921875
0.431640625
1.0
0.984375
0.50390625
0.9990234375
0.8134765625
0.998046875
1.0
0.900390625
0.65234375
0.1884765625
0.5673828125
1.0
0.9423828125
0.689453125
0.314453125
0.978515625
0.060546875
0.99609375
0.767578125
0.9404296875
0.94921875
0.8349609375
0.9921875
0.8037109375
0.4375
0.49609375
0.86328125
0.9423828125
0.80859375
0.490234375
0.7939453125
0.2509765625
1.0
0.986328125
0.9794921875
0.876953125
0.5361328125
0.2802734375
0.9931640625
0.939453125
0.701171875
0.943359375
0.3837890625
0.8564453125
0.6513671875
0.90625
0.82421875
0.3203125
0.974609375
0.4853515625
0.8828125
0.1728515625
0.9990234375
0.4912109375
0.966796875
0.802734375
0.0146484375
0.3212890625
0.6328125
0.77734375
0.81640625
1.0
0.103515625
0.244140625
0.3134765625
0.6728515625
0.994140625
0.7822265625
1.0
0.91015625
0.578125
0.451171875
1.0
0.9560546875
0.7470703125
0.86328125
0.2119140625
0.6796875
0.9853515625
0.796875
0.9384765625
0.9833984375
0.931640625
0.763671875
0.966796875
0.4716796875
1.0
0.9921875
0.9580078125
1.0
0.9951171875
0.4873046875
0.779296875
1.0
0.6845703125
0.8466796875
0.998046875
0.9697265625
0.9716796875
0.4130859375
0.947265625
0.42578125
0.9384765625
0.728515625
0.87890625
0.9306640625
0.775390625
0.1796875
1.0
0.4091796875
0.9248046875
1.0
0.9150390625
0.0341796875
0.953125
0.5810546875
0.9375
0.93359375
0.994140625
0.4619140625
0.9365234375
0.5126953125
0.779296875
0.3056640625
0.3564453125
0.7822265625
0.873046875
0.9375
0.994140625
0.3037109375
0.9990234375
0.4111328125
0.357421875
0.2392578125
0.7685546875
1.0
0.2021484375
0.970703125
0.6201171875
0.9306640625
0.943359375
0.7744140625
0.59375
0.2626953125
0.158203125
0.048828125
1.0
0.703125
0.7265625
0.8857421875
0.521484375
0.9716796875
0.9404296875
0.8798828125
0.9677734375
0.99609375
0.9111328125
0.8466796875
0.6376953125
0.982421875
0.9560546875
0.6748046875
0.8623046875
0.416015625
0.939453125
0.79296875
0.958984375
1.0
1.0
0.9677734375
0.8916015625
0.98828125
0.9833984375
0.546875
0.91796875
0.982421875
0.7314453125
0.998046875
0.833984375
0.390625
0.482421875
0.87890625
1.0
0.9990234375
0.0009765625
0.9794921875
0.9990234375
0.5390625
0.9853515625
0.4423828125
0.3671875
0.8759765625
0.291015625
0.5537109375
0.5390625
0.244140625
0.9658203125
0.439453125
0.34375
0.9990234375
0.5830078125
0.5244140625
0.51171875
0.82421875
0.6943359375
0.703125
0.04296875
0.978515625
0.443359375
0.65625
0.927734375
0.9873046875
0.28125
0.828125
0.134765625
0.48046875
0.4404296875
0.37890625
0.787109375
0.7021484375
0.9404296875
0.994140625
0.9599609375
0.9755859375
0.55859375
0.9892578125
0.873046875
0.9912109375
0.275390625
0.9736328125
0.4169921875
0.708984375
0.140625
0.8828125
0.4033203125
0.6796875
0.5390625
0.7021484375
0.9140625
0.7353515625
0.9970703125
0.8193359375
0.6171875
0.4482421875
0.75
0.9990234375
0.87890625
0.83984375
0.6572265625
0.5078125
1.0
0.9091796875
0.2744140625
0.8193359375
0.9560546875
1.0
1.0
0.80078125
0.9375
0.9755859375
0.3798828125
0.9736328125
0.947265625
0.9638671875
0.4853515625
0.7900390625
0.244140625
0.91796875
0.62109375
0.4599609375
0.0341796875
0.8779296875
0.8359375
0.123046875
0.212890625
0.7919921875
0.91796875
0.5947265625
0.51953125
0.99609375
0.9931640625
0.923828125
0.392578125
0.494140625
0.5771484375
0.5791015625
0.458984375
0.701171875
0.6015625
1.0
0.466796875
0.548828125
0.130859375
0.296875
0.943359375
0.8740234375
0.8818359375
0.6171875
0.9755859375
0.6689453125
0.615234375
0.9951171875
0.3994140625
0.396484375
0.90625
0.810546875
0.8642578125
0.9404296875
0.99609375
0.5283203125
0.505859375
0.9453125
0.9443359375
0.857421875
0.7841796875
0.7578125
0.984375
1.0
0.7333984375
0.9853515625
0.9951171875
0.9609375
0.951171875
0.435546875
0.69921875
0.998046875
0.40625
0.064453125
0.99609375
0.890625
0.1357421875
0.67578125
0.384765625
0.345703125
0.1513671875
0.9453125
0.505859375
0.609375
0.53515625
0.6171875
0.9853515625
0.7421875
1.0
0.947265625
0.5732421875
0.6748046875
0.32421875
0.765625
0.517578125
0.9345703125
0.8046875
0.7421875
0.9931640625
0.93359375
0.7041015625
0.5888671875
0.859375
0.4306640625
0.64453125
0.8896484375
0.9990234375
0.9208984375
0.64453125
0.9189453125
0.9443359375
0.787109375
0.66796875
0.9921875
0.541015625
0.185546875
0.2236328125
0.9150390625
0.998046875
0.9990234375
0.8935546875
0.908203125
0.8671875
1.0
0.3544921875
0.9921875
0.9853515625
0.1455078125
0.8623046875
0.443359375
0.8173828125
0.98828125
0.525390625
0.791015625
0.763671875
0.548828125
0.41015625
0.068359375
0.54296875
0.4453125
0.9677734375
0.0673828125
0.6123046875
0.234375
0.9951171875
0.9990234375
0.8154296875
0.59765625
0.4052734375
0.2451171875
0.9970703125
1.0
0.978515625
0.3427734375
0.884765625
1.0
0.662109375
0.392578125
0.5498046875
0.9404296875
0.244140625
0.1181640625
0.4443359375
0.4921875
1.0
0.990234375
0.982421875
0.8759765625
0.5400390625
0.755859375
0.9033203125
0.7021484375
0.376953125
0.0322265625
1.0
0.6005859375
0.3408203125
0.00390625
0.982421875
0.7880859375
0.990234375
0.9462890625
0.9228515625
0.87890625
0.466796875
0.994140625
1.0
1.0
0.9990234375
0.6982421875
0.380859375
0.9990234375
0.5205078125
0.5732421875
0.6171875
0.982421875
0.9921875
0.7333984375
0.333984375
0.99609375
0.970703125
0.181640625
0.48046875
0.958984375
0.9775390625
0.3369140625
0.7724609375
0.9931640625
0.6708984375
0.931640625
0.9912109375
0.5947265625
0.998046875
0.5595703125
0.9130859375
0.626953125
0.3701171875
0.37890625
0.849609375
0.998046875
0.5244140625
0.9853515625
0.70703125
0.4443359375
0.97265625
0.75
0.66796875
0.9677734375
0.7119140625
0.96875
0.99609375
0.9990234375
0.775390625
0.69921875
0.8212890625
0.515625
0.6845703125
0.9609375
0.9697265625
0.208984375
1.0
0.994140625
0.7548828125
0.9970703125
0.8232421875
0.6943359375
0.98046875
0.1748046875
0.603515625
0.982421875
0.5986328125
0.3447265625
0.9970703125
0.755859375
0.7470703125
0.7685546875
0.8173828125
0.75390625
0.9853515625
0.5283203125
0.45703125
0.9970703125
0.1796875
1.0
1.0
1.0
0.8818359375
0.9208984375
0.5703125
0.9697265625
1.0
0.8564453125
1.0
0.7216796875
0.623046875
0.984375
0.66015625
1.0
0.8369140625
0.44140625
0.97265625
0.998046875
0.9990234375
0.8505859375
0.9833984375
0.2138671875
0.58203125
0.873046875
0.392578125
0.7626953125
0.375
0.9912109375
0.8505859375
0.8583984375
0.3369140625
0.296875
0.986328125
0.8603515625
0.7080078125
0.779296875
0.650390625
0.4033203125
0.7421875
0.9912109375
0.9697265625
0.3251953125
0.7724609375
0.2841796875
0.515625
0.986328125
0.9931640625
0.6845703125
0.515625
0.7568359375
0.36328125
0.984375
0.3994140625
0.7216796875
0.8779296875
0.474609375
0.9794921875
0.302734375
0.9912109375
0.578125
0.8486328125
0.8896484375
0.0517578125
0.533203125
0.9951171875
0.9619140625
0.0068359375
0.3544921875
0.9912109375
0.99609375
0.990234375
0.6650390625
0.7900390625
0.94921875
0.998046875
0.2431640625
0.2724609375
0.89453125
0.51953125
0.5087890625
0.9580078125
0.7236328125
0.9521484375
0.9375
0.2294921875
0.62890625
0.279296875
0.9931640625
0.62109375
0.892578125
0.6806640625
0.9931640625
0.3095703125
0.9609375
1.0
0.9775390625
0.07421875
0.853515625
0.4169921875
1.0
0.998046875
0.6767578125
0.6796875
1.0
0.1025390625
0.8740234375
0.66796875
0.9755859375
0.4482421875
0.423828125
0.9189453125
0.7626953125
0.9990234375
0.9794921875
0.3779296875
0.62890625
1.0
0.986328125
0.978515625
0.833984375
0.8232421875
0.9765625
0.484375
0.1689453125
0.765625
0.9482421875
0.9677734375
0.67578125
0.95703125
0.5595703125
0.46875
0.9970703125
0.9921875
0.5107421875
0.8525390625
0.912109375
0.7001953125
0.9208984375
0.8818359375
0.4541015625
0.8837890625
0.974609375
0.78125
0.0947265625
0.376953125
0.1953125
0.9990234375
0.171875
0.7001953125
0.8037109375
0.921875
0.9638671875
0.7236328125
0.94921875
0.326171875
0.27734375
0.416015625
0.5322265625
0.2470703125
0.9482421875
0.6787109375
0.4990234375
0.9951171875
0.52734375
0.2919921875
0.1767578125
0.5458984375
0.947265625
0.3544921875
0.681640625
0.60546875
0.9892578125
0.7109375
0.9365234375
1.0
0.3134765625
0.7138671875
1.0
0.3984375
0.88671875
0.66015625
0.9990234375
0.0546875
0.197265625
0.705078125
0.9462890625
0.3955078125
0.9951171875
0.962890625
1.0
0.9765625
0.3349609375
0.6591796875
0.8125
0.6376953125
0.548828125
0.0439453125
0.681640625
0.9990234375
0.4921875
0.708984375
0.6552734375
0.61328125
0.96875
0.939453125
0.9833984375
0.8427734375
0.6337890625
0.0947265625
0.9697265625
0.5771484375
0.8134765625
0.7587890625
0.0244140625
0.7890625
0.7763671875
0.810546875
0.41796875
0.48046875
0.994140625
0.2353515625
0.9365234375
0.205078125
0.7587890625
0.80078125
0.736328125
0.54296875
0.998046875
0.2275390625
0.9990234375
0.1220703125
0.9541015625
0.98828125
0.48828125
0.9873046875
0.951171875
0.341796875
0.8525390625
0.7177734375
0.8466796875
0.740234375
0.36328125
0.306640625
0.8955078125
0.841796875
0.9853515625
0.88671875
0.748046875
0.85546875
0.8017578125
1.0
0.6484375
0.3876953125
0.8828125
0.625
0.75
0.9091796875
0.4365234375
1.0
1.0
0.9990234375
0.5517578125
0.7607421875
0.8408203125
0.5234375
0.630859375
0.98828125
0.8203125
0.3427734375
0.9462890625
0.92578125
0.9638671875
0.56640625
0.318359375
0.9892578125
0.2890625
0.9677734375
0.1484375
0.6943359375
0.265625
0.345703125
0.8388671875
0.830078125
0.9990234375
0.5029296875
0.94140625
0.947265625
0.908203125
0.6669921875
0.6884765625
1.0
0.9990234375
0.8935546875
0.62109375
0.8720703125
0.173828125
0.6923828125
0.708984375
0.1162109375
0.7197265625
0.6455078125
0.431640625
0.9130859375
0.544921875
0.4736328125
0.66796875
0.630859375
0.83984375
0.8466796875
0.462890625
0.99609375
0.8056640625
0.1875
0.6591796875
0.9306640625
0.865234375
0.3251953125
0.9912109375
0.9833984375
0.7509765625
0.6826171875
0.5654296875
0.7626953125
0.8017578125
0.998046875
1.0
1.0
0.958984375
0.1162109375
0.8876953125
0.978515625
0.76953125
0.5654296875
0.818359375
0.90234375
0.427734375
0.943359375
0.615234375
0.9208984375
0.923828125
0.9794921875
0.111328125
0.7109375
0.1455078125
0.970703125
0.9609375
0.2587890625
0.998046875
0.91015625
0.927734375
0.666015625
0.630859375
0.697265625
1.0
0.9990234375
0.76171875
0.609375
0.7158203125
0.9873046875
0.4873046875
0.861328125
0.9833984375
0.689453125
0.6240234375
0.99609375
0.998046875
0.5595703125
0.65234375
1.0
0.689453125
0.1337890625
0.8291015625
0.6396484375
1.0
0.49609375
0.8154296875
0.9443359375
0.998046875
0.5927734375
0.888671875
1.0
0.84765625
0.2021484375
0.4814453125
0.9638671875
0.9375
0.98828125
0.3623046875
0.94140625
0.99609375
1.0
0.755859375
0.9716796875
0.5322265625
0.947265625
0.4736328125
0.67578125
0.4677734375
0.9599609375
0.76171875
1.0
1.0
0.9013671875
0.6689453125
0.7236328125
0.84375
0.1396484375
0.9765625
0.8984375
0.4892578125
0.7578125
0.9990234375
0.53515625
0.703125
0.9462890625
0.93359375
1.0
0.9873046875
1.0
0.75
0.365234375
0.3818359375
